<?xml version="1.0" encoding="UTF-8"?>
<testsuite name="cart.integration.ProductIntegrationTest" tests="5" skipped="0" failures="0" errors="0" timestamp="2023-06-04T10:49:00" hostname="LAPTOP-4RK3SJ4F" time="15.133">
  <properties/>
  <testcase name="updateProduct()" classname="cart.integration.ProductIntegrationTest" time="2.995"/>
  <testcase name="deleteProduct()" classname="cart.integration.ProductIntegrationTest" time="2.98"/>
  <testcase name="getCreatedProduct()" classname="cart.integration.ProductIntegrationTest" time="3.092"/>
  <testcase name="getProducts()" classname="cart.integration.ProductIntegrationTest" time="3.051"/>
  <testcase name="createProduct()" classname="cart.integration.ProductIntegrationTest" time="3.014"/>
  <system-out><![CDATA[2023-06-04 19:49:00.311  INFO 5552 --- [    Test worker] .b.t.c.SpringBootTestContextBootstrapper : Neither @ContextConfiguration nor @ContextHierarchy found for test class [cart.integration.ProductIntegrationTest], using SpringBootContextLoader
2023-06-04 19:49:00.313  INFO 5552 --- [    Test worker] o.s.t.c.support.AbstractContextLoader    : Could not detect default resource locations for test class [cart.integration.ProductIntegrationTest]: no resource found for suffixes {-context.xml, Context.groovy}.
2023-06-04 19:49:00.313  INFO 5552 --- [    Test worker] t.c.s.AnnotationConfigContextLoaderUtils : Could not detect default configuration classes for test class [cart.integration.ProductIntegrationTest]: ProductIntegrationTest does not declare any static, non-private, non-final, nested classes annotated with @Configuration.
2023-06-04 19:49:00.316  INFO 5552 --- [    Test worker] .b.t.c.SpringBootTestContextBootstrapper : Found @SpringBootConfiguration cart.JwpCartApplication for test class cart.integration.ProductIntegrationTest
2023-06-04 19:49:00.318  INFO 5552 --- [    Test worker] .b.t.c.SpringBootTestContextBootstrapper : Loaded default TestExecutionListener class names from location [META-INF/spring.factories]: [org.springframework.boot.test.autoconfigure.restdocs.RestDocsTestExecutionListener, org.springframework.boot.test.autoconfigure.web.client.MockRestServiceServerResetTestExecutionListener, org.springframework.boot.test.autoconfigure.web.servlet.MockMvcPrintOnlyOnFailureTestExecutionListener, org.springframework.boot.test.autoconfigure.web.servlet.WebDriverTestExecutionListener, org.springframework.boot.test.autoconfigure.webservices.client.MockWebServiceServerTestExecutionListener, org.springframework.boot.test.mock.mockito.MockitoTestExecutionListener, org.springframework.boot.test.mock.mockito.ResetMocksTestExecutionListener, org.springframework.test.context.web.ServletTestExecutionListener, org.springframework.test.context.support.DirtiesContextBeforeModesTestExecutionListener, org.springframework.test.context.event.ApplicationEventsTestExecutionListener, org.springframework.test.context.support.DependencyInjectionTestExecutionListener, org.springframework.test.context.support.DirtiesContextTestExecutionListener, org.springframework.test.context.transaction.TransactionalTestExecutionListener, org.springframework.test.context.jdbc.SqlScriptsTestExecutionListener, org.springframework.test.context.event.EventPublishingTestExecutionListener]
2023-06-04 19:49:00.318  INFO 5552 --- [    Test worker] .b.t.c.SpringBootTestContextBootstrapper : Using TestExecutionListeners: [org.springframework.test.context.web.ServletTestExecutionListener@7c294583, org.springframework.test.context.support.DirtiesContextBeforeModesTestExecutionListener@51374659, org.springframework.test.context.event.ApplicationEventsTestExecutionListener@71ec1fca, org.springframework.boot.test.mock.mockito.MockitoTestExecutionListener@70789a86, org.springframework.boot.test.autoconfigure.SpringBootDependencyInjectionTestExecutionListener@464bdc57, org.springframework.test.context.support.DirtiesContextTestExecutionListener@2d254f49, org.springframework.test.context.transaction.TransactionalTestExecutionListener@3ca60768, org.springframework.test.context.jdbc.SqlScriptsTestExecutionListener@83e06d0, org.springframework.test.context.event.EventPublishingTestExecutionListener@100fcae4, org.springframework.boot.test.autoconfigure.restdocs.RestDocsTestExecutionListener@17d780ab, org.springframework.boot.test.autoconfigure.web.client.MockRestServiceServerResetTestExecutionListener@1b46587e, org.springframework.boot.test.autoconfigure.web.servlet.MockMvcPrintOnlyOnFailureTestExecutionListener@63b6d540, org.springframework.boot.test.autoconfigure.web.servlet.WebDriverTestExecutionListener@d007b38, org.springframework.boot.test.autoconfigure.webservices.client.MockWebServiceServerTestExecutionListener@267970eb, org.springframework.boot.test.mock.mockito.ResetMocksTestExecutionListener@fd549f2]
2023-06-04 19:49:01.543  INFO 5552 --- [    Test worker] o.apache.catalina.core.StandardService   : Stopping service [Tomcat]
2023-06-04 19:49:01.544  INFO 5552 --- [    Test worker] o.a.c.c.C.[Tomcat].[localhost].[/]       : Destroying Spring FrameworkServlet 'dispatcherServlet'
2023-06-04 19:49:01.548  INFO 5552 --- [    Test worker] com.zaxxer.hikari.HikariDataSource       : HikariPool-13 - Shutdown initiated...
2023-06-04 19:49:01.550  INFO 5552 --- [    Test worker] com.zaxxer.hikari.HikariDataSource       : HikariPool-13 - Shutdown completed.

  .   ____          _            __ _ _
 /\\ / ___'_ __ _ _(_)_ __  __ _ \ \ \ \
( ( )\___ | '_ | '_| | '_ \/ _` | \ \ \ \
 \\/  ___)| |_)| | | | | || (_| |  ) ) ) )
  '  |____| .__|_| |_|_| |_\__, | / / / /
 =========|_|==============|___/=/_/_/_/
 :: Spring Boot ::                (v2.7.9)

2023-06-04 19:49:01.588  INFO 5552 --- [    Test worker] cart.integration.ProductIntegrationTest  : Starting ProductIntegrationTest using Java 11.0.16.1 on LAPTOP-4RK3SJ4F with PID 5552 (started by SongSeyeon in C:\Github_projects\jwp-shopping-order)
2023-06-04 19:49:01.589  INFO 5552 --- [    Test worker] cart.integration.ProductIntegrationTest  : No active profile set, falling back to 1 default profile: "default"
2023-06-04 19:49:02.269  INFO 5552 --- [    Test worker] o.s.b.w.embedded.tomcat.TomcatWebServer  : Tomcat initialized with port(s): 0 (http)
2023-06-04 19:49:02.270  INFO 5552 --- [    Test worker] o.apache.catalina.core.StandardService   : Starting service [Tomcat]
2023-06-04 19:49:02.270  INFO 5552 --- [    Test worker] org.apache.catalina.core.StandardEngine  : Starting Servlet engine: [Apache Tomcat/9.0.71]
2023-06-04 19:49:02.308  INFO 5552 --- [    Test worker] o.a.c.c.C.[Tomcat].[localhost].[/]       : Initializing Spring embedded WebApplicationContext
2023-06-04 19:49:02.308  INFO 5552 --- [    Test worker] w.s.c.ServletWebServerApplicationContext : Root WebApplicationContext: initialization completed in 717 ms
2023-06-04 19:49:02.566  INFO 5552 --- [    Test worker] n.r.s.b.l.access.LogbackAccessContext    : Configured the Logback-access: context=[default], config=[classpath:logback-access.xml]
2023-06-04 19:49:02.582  INFO 5552 --- [    Test worker] com.zaxxer.hikari.HikariDataSource       : HikariPool-14 - Starting...
2023-06-04 19:49:02.583  INFO 5552 --- [    Test worker] com.zaxxer.hikari.HikariDataSource       : HikariPool-14 - Start completed.
2023-06-04 19:49:03.197  INFO 5552 --- [    Test worker] o.s.b.a.e.web.EndpointLinksResolver      : Exposing 1 endpoint(s) beneath base path '/actuator'
2023-06-04 19:49:03.252  INFO 5552 --- [    Test worker] o.s.b.w.embedded.tomcat.TomcatWebServer  : Tomcat started on port(s): 60055 (http) with context path ''
2023-06-04 19:49:03.256  INFO 5552 --- [    Test worker] cart.integration.ProductIntegrationTest  : Started ProductIntegrationTest in 1.703 seconds (JVM running for 66.064)
2023-06-04 19:49:03.270  INFO 5552 --- [-auto-13-exec-1] o.a.c.c.C.[Tomcat].[localhost].[/]       : Initializing Spring DispatcherServlet 'dispatcherServlet'
2023-06-04 19:49:03.270  INFO 5552 --- [-auto-13-exec-1] o.s.web.servlet.DispatcherServlet        : Initializing Servlet 'dispatcherServlet'
2023-06-04 19:49:03.271  INFO 5552 --- [-auto-13-exec-1] o.s.web.servlet.DispatcherServlet        : Completed initialization in 1 ms
2023-06-04 19:49:03.274 DEBUG 5552 --- [-auto-13-exec-1] o.s.jdbc.core.JdbcTemplate               : Executing SQL update and returning generated keys
2023-06-04 19:49:03.274 DEBUG 5552 --- [-auto-13-exec-1] o.s.jdbc.core.JdbcTemplate               : Executing prepared SQL statement
2023-06-04 19:49:03.274 TRACE 5552 --- [-auto-13-exec-1] o.s.jdbc.core.JdbcTemplate               : SQL update affected 1 rows and returned 1 keys

###### HTTP Request ######
POST /products HTTP/1.1
accept: */*
content-type: application/json
content-length: 73
host: localhost:60055
connection: Keep-Alive
user-agent: Apache-HttpClient/4.5.14 (Java/11.0.16.1)
accept-encoding: gzip,deflate


###### HTTP Response
        ######
HTTP/1.1 201 Created
Keep-Alive: timeout=60
Connection: keep-alive
Vary: Origin
Content-Length: 0
Date: Sun, 04 Jun 2023 10:49:03 GMT
Location: /products/4




Request method:	PUT
Request URI:	http://localhost:60055/products/4
Proxy:			<none>
Request params:	<none>
Query params:	<none>
Form params:	<none>
Path params:	<none>
Headers:		Accept=*/*
				Content-Type=application/json
Cookies:		<none>
Multiparts:		<none>
Body:
{
    "name": "새로운 피자",
    "price": 15000,
    "imageUrl": "http://example.com/pizza.jpg"
}
2023-06-04 19:49:03.290 DEBUG 5552 --- [-auto-13-exec-3] o.s.jdbc.core.JdbcTemplate               : Executing prepared SQL update
2023-06-04 19:49:03.290 DEBUG 5552 --- [-auto-13-exec-3] o.s.jdbc.core.JdbcTemplate               : Executing prepared SQL statement [UPDATE product SET name = ?, price = ?, image_url = ? WHERE id = ?]
2023-06-04 19:49:03.291 TRACE 5552 --- [-auto-13-exec-3] o.s.jdbc.core.StatementCreatorUtils      : Setting SQL statement parameter value: column index 1, parameter value [새로운 피자], value class [java.lang.String], SQL type unknown
2023-06-04 19:49:03.291 TRACE 5552 --- [-auto-13-exec-3] o.s.jdbc.core.StatementCreatorUtils      : Setting SQL statement parameter value: column index 2, parameter value [15000], value class [java.lang.Integer], SQL type unknown
2023-06-04 19:49:03.291 TRACE 5552 --- [-auto-13-exec-3] o.s.jdbc.core.StatementCreatorUtils      : Setting SQL statement parameter value: column index 3, parameter value [http://example.com/pizza.jpg], value class [java.lang.String], SQL type unknown
2023-06-04 19:49:03.291 TRACE 5552 --- [-auto-13-exec-3] o.s.jdbc.core.StatementCreatorUtils      : Setting SQL statement parameter value: column index 4, parameter value [4], value class [java.lang.Long], SQL type unknown
2023-06-04 19:49:03.291 TRACE 5552 --- [-auto-13-exec-3] o.s.jdbc.core.JdbcTemplate               : SQL update affected 1 rows

###### HTTP Request ######
PUT /products/4 HTTP/1.1
accept: */*
content-type: application/json
content-length: 83
host: localhost:60055
connection: Keep-Alive
user-agent: Apache-HttpClient/4.5.14 (Java/11.0.16.1)
accept-encoding: gzip,deflate


###### HTTP Response
        ######
HTTP/1.1 200 OK
Keep-Alive: timeout=60
Connection: keep-alive
Vary: Origin
Content-Length: 0
Date: Sun, 04 Jun 2023 10:49:03 GMT




HTTP/1.1 200 
Vary: Origin
Vary: Access-Control-Request-Method
Vary: Access-Control-Request-Headers
Content-Length: 0
Date: Sun, 04 Jun 2023 10:49:03 GMT
Keep-Alive: timeout=60
Connection: keep-alive
2023-06-04 19:49:04.585  INFO 5552 --- [    Test worker] o.apache.catalina.core.StandardService   : Stopping service [Tomcat]
2023-06-04 19:49:04.585  INFO 5552 --- [    Test worker] o.a.c.c.C.[Tomcat].[localhost].[/]       : Destroying Spring FrameworkServlet 'dispatcherServlet'
2023-06-04 19:49:04.590  INFO 5552 --- [    Test worker] com.zaxxer.hikari.HikariDataSource       : HikariPool-14 - Shutdown initiated...
2023-06-04 19:49:04.591  INFO 5552 --- [    Test worker] com.zaxxer.hikari.HikariDataSource       : HikariPool-14 - Shutdown completed.

  .   ____          _            __ _ _
 /\\ / ___'_ __ _ _(_)_ __  __ _ \ \ \ \
( ( )\___ | '_ | '_| | '_ \/ _` | \ \ \ \
 \\/  ___)| |_)| | | | | || (_| |  ) ) ) )
  '  |____| .__|_| |_|_| |_\__, | / / / /
 =========|_|==============|___/=/_/_/_/
 :: Spring Boot ::                (v2.7.9)

2023-06-04 19:49:04.638  INFO 5552 --- [    Test worker] cart.integration.ProductIntegrationTest  : Starting ProductIntegrationTest using Java 11.0.16.1 on LAPTOP-4RK3SJ4F with PID 5552 (started by SongSeyeon in C:\Github_projects\jwp-shopping-order)
2023-06-04 19:49:04.638  INFO 5552 --- [    Test worker] cart.integration.ProductIntegrationTest  : No active profile set, falling back to 1 default profile: "default"
2023-06-04 19:49:05.307  INFO 5552 --- [    Test worker] o.s.b.w.embedded.tomcat.TomcatWebServer  : Tomcat initialized with port(s): 0 (http)
2023-06-04 19:49:05.308  INFO 5552 --- [    Test worker] o.apache.catalina.core.StandardService   : Starting service [Tomcat]
2023-06-04 19:49:05.308  INFO 5552 --- [    Test worker] org.apache.catalina.core.StandardEngine  : Starting Servlet engine: [Apache Tomcat/9.0.71]
2023-06-04 19:49:05.344  INFO 5552 --- [    Test worker] o.a.c.c.C.[Tomcat].[localhost].[/]       : Initializing Spring embedded WebApplicationContext
2023-06-04 19:49:05.344  INFO 5552 --- [    Test worker] w.s.c.ServletWebServerApplicationContext : Root WebApplicationContext: initialization completed in 704 ms
2023-06-04 19:49:05.578  INFO 5552 --- [    Test worker] n.r.s.b.l.access.LogbackAccessContext    : Configured the Logback-access: context=[default], config=[classpath:logback-access.xml]
2023-06-04 19:49:05.594  INFO 5552 --- [    Test worker] com.zaxxer.hikari.HikariDataSource       : HikariPool-15 - Starting...
2023-06-04 19:49:05.595  INFO 5552 --- [    Test worker] com.zaxxer.hikari.HikariDataSource       : HikariPool-15 - Start completed.
2023-06-04 19:49:06.183  INFO 5552 --- [    Test worker] o.s.b.a.e.web.EndpointLinksResolver      : Exposing 1 endpoint(s) beneath base path '/actuator'
2023-06-04 19:49:06.240  INFO 5552 --- [    Test worker] o.s.b.w.embedded.tomcat.TomcatWebServer  : Tomcat started on port(s): 60062 (http) with context path ''
2023-06-04 19:49:06.243  INFO 5552 --- [    Test worker] cart.integration.ProductIntegrationTest  : Started ProductIntegrationTest in 1.649 seconds (JVM running for 69.052)
2023-06-04 19:49:06.257  INFO 5552 --- [-auto-14-exec-1] o.a.c.c.C.[Tomcat].[localhost].[/]       : Initializing Spring DispatcherServlet 'dispatcherServlet'
2023-06-04 19:49:06.258  INFO 5552 --- [-auto-14-exec-1] o.s.web.servlet.DispatcherServlet        : Initializing Servlet 'dispatcherServlet'
2023-06-04 19:49:06.259  INFO 5552 --- [-auto-14-exec-1] o.s.web.servlet.DispatcherServlet        : Completed initialization in 1 ms
2023-06-04 19:49:06.261 DEBUG 5552 --- [-auto-14-exec-1] o.s.jdbc.core.JdbcTemplate               : Executing SQL update and returning generated keys
2023-06-04 19:49:06.261 DEBUG 5552 --- [-auto-14-exec-1] o.s.jdbc.core.JdbcTemplate               : Executing prepared SQL statement
2023-06-04 19:49:06.261 TRACE 5552 --- [-auto-14-exec-1] o.s.jdbc.core.JdbcTemplate               : SQL update affected 1 rows and returned 1 keys

###### HTTP Request ######
POST /products HTTP/1.1
accept: */*
content-type: application/json
content-length: 73
host: localhost:60062
connection: Keep-Alive
user-agent: Apache-HttpClient/4.5.14 (Java/11.0.16.1)
accept-encoding: gzip,deflate


###### HTTP Response
        ######
HTTP/1.1 201 Created
Keep-Alive: timeout=60
Connection: keep-alive
Vary: Origin
Content-Length: 0
Date: Sun, 04 Jun 2023 10:49:06 GMT
Location: /products/4




Request method:	DELETE
Request URI:	http://localhost:60062/products/4
Proxy:			<none>
Request params:	<none>
Query params:	<none>
Form params:	<none>
Path params:	<none>
Headers:		Accept=*/*
Cookies:		<none>
Multiparts:		<none>
Body:			<none>
2023-06-04 19:49:06.273 DEBUG 5552 --- [-auto-14-exec-2] o.s.jdbc.core.JdbcTemplate               : Executing prepared SQL update
2023-06-04 19:49:06.273 DEBUG 5552 --- [-auto-14-exec-2] o.s.jdbc.core.JdbcTemplate               : Executing prepared SQL statement [DELETE FROM cart_item WHERE product_id = ?]
2023-06-04 19:49:06.273 TRACE 5552 --- [-auto-14-exec-2] o.s.jdbc.core.StatementCreatorUtils      : Setting SQL statement parameter value: column index 1, parameter value [4], value class [java.lang.Long], SQL type unknown
2023-06-04 19:49:06.273 TRACE 5552 --- [-auto-14-exec-2] o.s.jdbc.core.JdbcTemplate               : SQL update affected 0 rows
2023-06-04 19:49:06.273 DEBUG 5552 --- [-auto-14-exec-2] o.s.jdbc.core.JdbcTemplate               : Executing prepared SQL update
2023-06-04 19:49:06.273 DEBUG 5552 --- [-auto-14-exec-2] o.s.jdbc.core.JdbcTemplate               : Executing prepared SQL statement [DELETE FROM product WHERE id = ?]
2023-06-04 19:49:06.274 TRACE 5552 --- [-auto-14-exec-2] o.s.jdbc.core.StatementCreatorUtils      : Setting SQL statement parameter value: column index 1, parameter value [4], value class [java.lang.Long], SQL type unknown
2023-06-04 19:49:06.274 TRACE 5552 --- [-auto-14-exec-2] o.s.jdbc.core.JdbcTemplate               : SQL update affected 1 rows

###### HTTP Request ######
DELETE /products/4 HTTP/1.1
accept: */*
host: localhost:60062
connection: Keep-Alive
user-agent: Apache-HttpClient/4.5.14 (Java/11.0.16.1)
accept-encoding: gzip,deflate


###### HTTP Response
        ######
HTTP/1.1 204 No Content
Keep-Alive: timeout=60
Connection: keep-alive
Vary: Origin
Date: Sun, 04 Jun 2023 10:49:06 GMT




2023-06-04 19:49:07.491  INFO 5552 --- [    Test worker] o.apache.catalina.core.StandardService   : Stopping service [Tomcat]
2023-06-04 19:49:07.491  INFO 5552 --- [    Test worker] o.a.c.c.C.[Tomcat].[localhost].[/]       : Destroying Spring FrameworkServlet 'dispatcherServlet'
2023-06-04 19:49:07.497  INFO 5552 --- [    Test worker] com.zaxxer.hikari.HikariDataSource       : HikariPool-15 - Shutdown initiated...
2023-06-04 19:49:07.498  INFO 5552 --- [    Test worker] com.zaxxer.hikari.HikariDataSource       : HikariPool-15 - Shutdown completed.

  .   ____          _            __ _ _
 /\\ / ___'_ __ _ _(_)_ __  __ _ \ \ \ \
( ( )\___ | '_ | '_| | '_ \/ _` | \ \ \ \
 \\/  ___)| |_)| | | | | || (_| |  ) ) ) )
  '  |____| .__|_| |_|_| |_\__, | / / / /
 =========|_|==============|___/=/_/_/_/
 :: Spring Boot ::                (v2.7.9)

2023-06-04 19:49:07.535  INFO 5552 --- [    Test worker] cart.integration.ProductIntegrationTest  : Starting ProductIntegrationTest using Java 11.0.16.1 on LAPTOP-4RK3SJ4F with PID 5552 (started by SongSeyeon in C:\Github_projects\jwp-shopping-order)
2023-06-04 19:49:07.536  INFO 5552 --- [    Test worker] cart.integration.ProductIntegrationTest  : No active profile set, falling back to 1 default profile: "default"
2023-06-04 19:49:08.163  INFO 5552 --- [    Test worker] o.s.b.w.embedded.tomcat.TomcatWebServer  : Tomcat initialized with port(s): 0 (http)
2023-06-04 19:49:08.164  INFO 5552 --- [    Test worker] o.apache.catalina.core.StandardService   : Starting service [Tomcat]
2023-06-04 19:49:08.164  INFO 5552 --- [    Test worker] org.apache.catalina.core.StandardEngine  : Starting Servlet engine: [Apache Tomcat/9.0.71]
2023-06-04 19:49:08.200  INFO 5552 --- [    Test worker] o.a.c.c.C.[Tomcat].[localhost].[/]       : Initializing Spring embedded WebApplicationContext
2023-06-04 19:49:08.200  INFO 5552 --- [    Test worker] w.s.c.ServletWebServerApplicationContext : Root WebApplicationContext: initialization completed in 662 ms
2023-06-04 19:49:08.515  INFO 5552 --- [    Test worker] n.r.s.b.l.access.LogbackAccessContext    : Configured the Logback-access: context=[default], config=[classpath:logback-access.xml]
2023-06-04 19:49:08.535  INFO 5552 --- [    Test worker] com.zaxxer.hikari.HikariDataSource       : HikariPool-16 - Starting...
2023-06-04 19:49:08.536  INFO 5552 --- [    Test worker] com.zaxxer.hikari.HikariDataSource       : HikariPool-16 - Start completed.
2023-06-04 19:49:09.237  INFO 5552 --- [    Test worker] o.s.b.a.e.web.EndpointLinksResolver      : Exposing 1 endpoint(s) beneath base path '/actuator'
2023-06-04 19:49:09.311  INFO 5552 --- [    Test worker] o.s.b.w.embedded.tomcat.TomcatWebServer  : Tomcat started on port(s): 60068 (http) with context path ''
2023-06-04 19:49:09.314  INFO 5552 --- [    Test worker] cart.integration.ProductIntegrationTest  : Started ProductIntegrationTest in 1.813 seconds (JVM running for 72.123)
2023-06-04 19:49:09.330  INFO 5552 --- [-auto-15-exec-1] o.a.c.c.C.[Tomcat].[localhost].[/]       : Initializing Spring DispatcherServlet 'dispatcherServlet'
2023-06-04 19:49:09.331  INFO 5552 --- [-auto-15-exec-1] o.s.web.servlet.DispatcherServlet        : Initializing Servlet 'dispatcherServlet'
2023-06-04 19:49:09.332  INFO 5552 --- [-auto-15-exec-1] o.s.web.servlet.DispatcherServlet        : Completed initialization in 1 ms
2023-06-04 19:49:09.334 DEBUG 5552 --- [-auto-15-exec-1] o.s.jdbc.core.JdbcTemplate               : Executing SQL update and returning generated keys
2023-06-04 19:49:09.334 DEBUG 5552 --- [-auto-15-exec-1] o.s.jdbc.core.JdbcTemplate               : Executing prepared SQL statement
2023-06-04 19:49:09.335 TRACE 5552 --- [-auto-15-exec-1] o.s.jdbc.core.JdbcTemplate               : SQL update affected 1 rows and returned 1 keys

###### HTTP Request ######
POST /products HTTP/1.1
accept: */*
content-type: application/json
content-length: 73
host: localhost:60068
connection: Keep-Alive
user-agent: Apache-HttpClient/4.5.14 (Java/11.0.16.1)
accept-encoding: gzip,deflate


###### HTTP Response
        ######
HTTP/1.1 201 Created
Keep-Alive: timeout=60
Connection: keep-alive
Vary: Origin
Content-Length: 0
Date: Sun, 04 Jun 2023 10:49:09 GMT
Location: /products/4




Request method:	GET
Request URI:	http://localhost:60068/products/4
Proxy:			<none>
Request params:	<none>
Query params:	<none>
Form params:	<none>
Path params:	<none>
Headers:		Accept=*/*
Cookies:		<none>
Multiparts:		<none>
Body:			<none>
2023-06-04 19:49:09.348 DEBUG 5552 --- [-auto-15-exec-2] o.s.jdbc.core.JdbcTemplate               : Executing prepared SQL query
2023-06-04 19:49:09.348 DEBUG 5552 --- [-auto-15-exec-2] o.s.jdbc.core.JdbcTemplate               : Executing prepared SQL statement [SELECT * FROM product WHERE id = ?]
2023-06-04 19:49:09.348 TRACE 5552 --- [-auto-15-exec-2] o.s.jdbc.core.StatementCreatorUtils      : Setting SQL statement parameter value: column index 1, parameter value [4], value class [java.lang.Long], SQL type unknown

###### HTTP Request ######
GET /products/4 HTTP/1.1
accept: */*
host: localhost:60068
connection: Keep-Alive
user-agent: Apache-HttpClient/4.5.14 (Java/11.0.16.1)
accept-encoding: gzip,deflate


###### HTTP Response
        ######
HTTP/1.1 200 OK
Transfer-Encoding: chunked
Keep-Alive: timeout=60
Connection: keep-alive
Vary: Origin
Date: Sun, 04 Jun 2023 10:49:09 GMT
Content-Type: application/json




2023-06-04 19:49:10.574  INFO 5552 --- [    Test worker] o.apache.catalina.core.StandardService   : Stopping service [Tomcat]
2023-06-04 19:49:10.574  INFO 5552 --- [    Test worker] o.a.c.c.C.[Tomcat].[localhost].[/]       : Destroying Spring FrameworkServlet 'dispatcherServlet'
2023-06-04 19:49:10.579  INFO 5552 --- [    Test worker] com.zaxxer.hikari.HikariDataSource       : HikariPool-16 - Shutdown initiated...
2023-06-04 19:49:10.580  INFO 5552 --- [    Test worker] com.zaxxer.hikari.HikariDataSource       : HikariPool-16 - Shutdown completed.

  .   ____          _            __ _ _
 /\\ / ___'_ __ _ _(_)_ __  __ _ \ \ \ \
( ( )\___ | '_ | '_| | '_ \/ _` | \ \ \ \
 \\/  ___)| |_)| | | | | || (_| |  ) ) ) )
  '  |____| .__|_| |_|_| |_\__, | / / / /
 =========|_|==============|___/=/_/_/_/
 :: Spring Boot ::                (v2.7.9)

2023-06-04 19:49:10.618  INFO 5552 --- [    Test worker] cart.integration.ProductIntegrationTest  : Starting ProductIntegrationTest using Java 11.0.16.1 on LAPTOP-4RK3SJ4F with PID 5552 (started by SongSeyeon in C:\Github_projects\jwp-shopping-order)
2023-06-04 19:49:10.618  INFO 5552 --- [    Test worker] cart.integration.ProductIntegrationTest  : No active profile set, falling back to 1 default profile: "default"
2023-06-04 19:49:11.223  INFO 5552 --- [    Test worker] o.s.b.w.embedded.tomcat.TomcatWebServer  : Tomcat initialized with port(s): 0 (http)
2023-06-04 19:49:11.224  INFO 5552 --- [    Test worker] o.apache.catalina.core.StandardService   : Starting service [Tomcat]
2023-06-04 19:49:11.225  INFO 5552 --- [    Test worker] org.apache.catalina.core.StandardEngine  : Starting Servlet engine: [Apache Tomcat/9.0.71]
2023-06-04 19:49:11.275  INFO 5552 --- [    Test worker] o.a.c.c.C.[Tomcat].[localhost].[/]       : Initializing Spring embedded WebApplicationContext
2023-06-04 19:49:11.275  INFO 5552 --- [    Test worker] w.s.c.ServletWebServerApplicationContext : Root WebApplicationContext: initialization completed in 655 ms
2023-06-04 19:49:11.700  INFO 5552 --- [    Test worker] n.r.s.b.l.access.LogbackAccessContext    : Configured the Logback-access: context=[default], config=[classpath:logback-access.xml]
2023-06-04 19:49:11.727  INFO 5552 --- [    Test worker] com.zaxxer.hikari.HikariDataSource       : HikariPool-17 - Starting...
2023-06-04 19:49:11.729  INFO 5552 --- [    Test worker] com.zaxxer.hikari.HikariDataSource       : HikariPool-17 - Start completed.
2023-06-04 19:49:12.347  INFO 5552 --- [    Test worker] o.s.b.a.e.web.EndpointLinksResolver      : Exposing 1 endpoint(s) beneath base path '/actuator'
2023-06-04 19:49:12.399  INFO 5552 --- [    Test worker] o.s.b.w.embedded.tomcat.TomcatWebServer  : Tomcat started on port(s): 60075 (http) with context path ''
2023-06-04 19:49:12.402  INFO 5552 --- [    Test worker] cart.integration.ProductIntegrationTest  : Started ProductIntegrationTest in 1.82 seconds (JVM running for 75.211)
2023-06-04 19:49:12.413  INFO 5552 --- [-auto-16-exec-1] o.a.c.c.C.[Tomcat].[localhost].[/]       : Initializing Spring DispatcherServlet 'dispatcherServlet'
2023-06-04 19:49:12.413  INFO 5552 --- [-auto-16-exec-1] o.s.web.servlet.DispatcherServlet        : Initializing Servlet 'dispatcherServlet'
2023-06-04 19:49:12.414  INFO 5552 --- [-auto-16-exec-1] o.s.web.servlet.DispatcherServlet        : Completed initialization in 1 ms
2023-06-04 19:49:12.416 DEBUG 5552 --- [-auto-16-exec-1] o.s.jdbc.core.JdbcTemplate               : Executing SQL query [SELECT * FROM product]

###### HTTP Request ######
GET /products HTTP/1.1
content-type: application/json
accept: */*
host: localhost:60075
connection: Keep-Alive
user-agent: Apache-HttpClient/4.5.14 (Java/11.0.16.1)
accept-encoding: gzip,deflate


###### HTTP Response
        ######
HTTP/1.1 200 OK
Transfer-Encoding: chunked
Keep-Alive: timeout=60
Connection: keep-alive
Vary: Origin
Date: Sun, 04 Jun 2023 10:49:12 GMT
Content-Type: application/json




2023-06-04 19:49:13.607  INFO 5552 --- [    Test worker] o.apache.catalina.core.StandardService   : Stopping service [Tomcat]
2023-06-04 19:49:13.608  INFO 5552 --- [    Test worker] o.a.c.c.C.[Tomcat].[localhost].[/]       : Destroying Spring FrameworkServlet 'dispatcherServlet'
2023-06-04 19:49:13.612  INFO 5552 --- [    Test worker] com.zaxxer.hikari.HikariDataSource       : HikariPool-17 - Shutdown initiated...
2023-06-04 19:49:13.613  INFO 5552 --- [    Test worker] com.zaxxer.hikari.HikariDataSource       : HikariPool-17 - Shutdown completed.

  .   ____          _            __ _ _
 /\\ / ___'_ __ _ _(_)_ __  __ _ \ \ \ \
( ( )\___ | '_ | '_| | '_ \/ _` | \ \ \ \
 \\/  ___)| |_)| | | | | || (_| |  ) ) ) )
  '  |____| .__|_| |_|_| |_\__, | / / / /
 =========|_|==============|___/=/_/_/_/
 :: Spring Boot ::                (v2.7.9)

2023-06-04 19:49:13.646  INFO 5552 --- [    Test worker] cart.integration.ProductIntegrationTest  : Starting ProductIntegrationTest using Java 11.0.16.1 on LAPTOP-4RK3SJ4F with PID 5552 (started by SongSeyeon in C:\Github_projects\jwp-shopping-order)
2023-06-04 19:49:13.647  INFO 5552 --- [    Test worker] cart.integration.ProductIntegrationTest  : No active profile set, falling back to 1 default profile: "default"
2023-06-04 19:49:14.288  INFO 5552 --- [    Test worker] o.s.b.w.embedded.tomcat.TomcatWebServer  : Tomcat initialized with port(s): 0 (http)
2023-06-04 19:49:14.288  INFO 5552 --- [    Test worker] o.apache.catalina.core.StandardService   : Starting service [Tomcat]
2023-06-04 19:49:14.288  INFO 5552 --- [    Test worker] org.apache.catalina.core.StandardEngine  : Starting Servlet engine: [Apache Tomcat/9.0.71]
2023-06-04 19:49:14.334  INFO 5552 --- [    Test worker] o.a.c.c.C.[Tomcat].[localhost].[/]       : Initializing Spring embedded WebApplicationContext
2023-06-04 19:49:14.334  INFO 5552 --- [    Test worker] w.s.c.ServletWebServerApplicationContext : Root WebApplicationContext: initialization completed in 685 ms
2023-06-04 19:49:14.587  INFO 5552 --- [    Test worker] n.r.s.b.l.access.LogbackAccessContext    : Configured the Logback-access: context=[default], config=[classpath:logback-access.xml]
2023-06-04 19:49:14.603  INFO 5552 --- [    Test worker] com.zaxxer.hikari.HikariDataSource       : HikariPool-18 - Starting...
2023-06-04 19:49:14.604  INFO 5552 --- [    Test worker] com.zaxxer.hikari.HikariDataSource       : HikariPool-18 - Start completed.
2023-06-04 19:49:15.346  INFO 5552 --- [    Test worker] o.s.b.a.e.web.EndpointLinksResolver      : Exposing 1 endpoint(s) beneath base path '/actuator'
2023-06-04 19:49:15.403  INFO 5552 --- [    Test worker] o.s.b.w.embedded.tomcat.TomcatWebServer  : Tomcat started on port(s): 60082 (http) with context path ''
2023-06-04 19:49:15.406  INFO 5552 --- [    Test worker] cart.integration.ProductIntegrationTest  : Started ProductIntegrationTest in 1.79 seconds (JVM running for 78.215)
2023-06-04 19:49:15.423  INFO 5552 --- [-auto-17-exec-1] o.a.c.c.C.[Tomcat].[localhost].[/]       : Initializing Spring DispatcherServlet 'dispatcherServlet'
2023-06-04 19:49:15.423  INFO 5552 --- [-auto-17-exec-1] o.s.web.servlet.DispatcherServlet        : Initializing Servlet 'dispatcherServlet'
2023-06-04 19:49:15.424  INFO 5552 --- [-auto-17-exec-1] o.s.web.servlet.DispatcherServlet        : Completed initialization in 1 ms
2023-06-04 19:49:15.427 DEBUG 5552 --- [-auto-17-exec-1] o.s.jdbc.core.JdbcTemplate               : Executing SQL update and returning generated keys
2023-06-04 19:49:15.428 DEBUG 5552 --- [-auto-17-exec-1] o.s.jdbc.core.JdbcTemplate               : Executing prepared SQL statement
2023-06-04 19:49:15.428 TRACE 5552 --- [-auto-17-exec-1] o.s.jdbc.core.JdbcTemplate               : SQL update affected 1 rows and returned 1 keys

###### HTTP Request ######
POST /products HTTP/1.1
accept: */*
content-type: application/json
content-length: 75
host: localhost:60082
connection: Keep-Alive
user-agent: Apache-HttpClient/4.5.14 (Java/11.0.16.1)
accept-encoding: gzip,deflate


###### HTTP Response
        ######
HTTP/1.1 201 Created
Keep-Alive: timeout=60
Connection: keep-alive
Vary: Origin
Content-Length: 0
Date: Sun, 04 Jun 2023 10:49:15 GMT
Location: /products/4




]]></system-out>
  <system-err><![CDATA[]]></system-err>
</testsuite>
