<?xml version="1.0" encoding="UTF-8"?>
<testsuite name="cart.domain.MoneyTest" tests="6" skipped="0" failures="0" errors="0" timestamp="2023-06-04T10:48:36" hostname="LAPTOP-4RK3SJ4F" time="0.005">
  <properties/>
  <testcase name="다른 Money를 빼면 차를 값으로 가진 Money 객체를 반환한다." classname="cart.domain.MoneyTest" time="0.001"/>
  <testcase name="값이 같은 다른 객체와 동등성을 비교한다." classname="cart.domain.MoneyTest" time="0.001"/>
  <testcase name="값이 작은 Money와 비교할 경우 true를 반환한다." classname="cart.domain.MoneyTest" time="0.0"/>
  <testcase name="다른 Money 객체를 더하면 값이 더해진 Money 객체를 반환하다." classname="cart.domain.MoneyTest" time="0.0"/>
  <testcase name="곱하기를 하면 원래 값에 비율을 곱한 Money 객체를 반환한다." classname="cart.domain.MoneyTest" time="0.0"/>
  <testcase name="값을 음수로 생성한다." classname="cart.domain.MoneyTest" time="0.001"/>
  <system-out><![CDATA[]]></system-out>
  <system-err><![CDATA[]]></system-err>
</testsuite>
