<?xml version="1.0" encoding="UTF-8"?>
<testsuite name="cart.JwpCartApplicationTests" tests="1" skipped="0" failures="0" errors="0" timestamp="2023-06-01T12:28:16" hostname="fv-az618-640" time="0.003">
  <properties/>
  <testcase name="contextLoads()" classname="cart.JwpCartApplicationTests" time="0.003"/>
  <system-out><![CDATA[2023-06-01 12:28:16.344  INFO 1900 --- [    Test worker] .b.t.c.SpringBootTestContextBootstrapper : Neither @ContextConfiguration nor @ContextHierarchy found for test class [cart.JwpCartApplicationTests], using SpringBootContextLoader
2023-06-01 12:28:16.345  INFO 1900 --- [    Test worker] o.s.t.c.support.AbstractContextLoader    : Could not detect default resource locations for test class [cart.JwpCartApplicationTests]: no resource found for suffixes {-context.xml, Context.groovy}.
2023-06-01 12:28:16.345  INFO 1900 --- [    Test worker] t.c.s.AnnotationConfigContextLoaderUtils : Could not detect default configuration classes for test class [cart.JwpCartApplicationTests]: JwpCartApplicationTests does not declare any static, non-private, non-final, nested classes annotated with @Configuration.
2023-06-01 12:28:16.348  INFO 1900 --- [    Test worker] .b.t.c.SpringBootTestContextBootstrapper : Found @SpringBootConfiguration cart.JwpCartApplication for test class cart.JwpCartApplicationTests
2023-06-01 12:28:16.349  INFO 1900 --- [    Test worker] .b.t.c.SpringBootTestContextBootstrapper : Loaded default TestExecutionListener class names from location [META-INF/spring.factories]: [org.springframework.boot.test.autoconfigure.restdocs.RestDocsTestExecutionListener, org.springframework.boot.test.autoconfigure.web.client.MockRestServiceServerResetTestExecutionListener, org.springframework.boot.test.autoconfigure.web.servlet.MockMvcPrintOnlyOnFailureTestExecutionListener, org.springframework.boot.test.autoconfigure.web.servlet.WebDriverTestExecutionListener, org.springframework.boot.test.autoconfigure.webservices.client.MockWebServiceServerTestExecutionListener, org.springframework.boot.test.mock.mockito.MockitoTestExecutionListener, org.springframework.boot.test.mock.mockito.ResetMocksTestExecutionListener, org.springframework.test.context.web.ServletTestExecutionListener, org.springframework.test.context.support.DirtiesContextBeforeModesTestExecutionListener, org.springframework.test.context.event.ApplicationEventsTestExecutionListener, org.springframework.test.context.support.DependencyInjectionTestExecutionListener, org.springframework.test.context.support.DirtiesContextTestExecutionListener, org.springframework.test.context.transaction.TransactionalTestExecutionListener, org.springframework.test.context.jdbc.SqlScriptsTestExecutionListener, org.springframework.test.context.event.EventPublishingTestExecutionListener]
2023-06-01 12:28:16.349  INFO 1900 --- [    Test worker] .b.t.c.SpringBootTestContextBootstrapper : Using TestExecutionListeners: [org.springframework.test.context.web.ServletTestExecutionListener@47e433e8, org.springframework.test.context.support.DirtiesContextBeforeModesTestExecutionListener@590fbfb2, org.springframework.test.context.event.ApplicationEventsTestExecutionListener@7f4f1822, org.springframework.boot.test.mock.mockito.MockitoTestExecutionListener@409f1db0, org.springframework.boot.test.autoconfigure.SpringBootDependencyInjectionTestExecutionListener@26021d38, org.springframework.test.context.support.DirtiesContextTestExecutionListener@2d4d465, org.springframework.test.context.transaction.TransactionalTestExecutionListener@55d4215, org.springframework.test.context.jdbc.SqlScriptsTestExecutionListener@3d97bd93, org.springframework.test.context.event.EventPublishingTestExecutionListener@bca8cc4, org.springframework.boot.test.autoconfigure.restdocs.RestDocsTestExecutionListener@2f991624, org.springframework.boot.test.autoconfigure.web.client.MockRestServiceServerResetTestExecutionListener@40bba428, org.springframework.boot.test.autoconfigure.web.servlet.MockMvcPrintOnlyOnFailureTestExecutionListener@4040e289, org.springframework.boot.test.autoconfigure.web.servlet.WebDriverTestExecutionListener@1f33eae9, org.springframework.boot.test.autoconfigure.webservices.client.MockWebServiceServerTestExecutionListener@787ce71d, org.springframework.boot.test.mock.mockito.ResetMocksTestExecutionListener@65fb86de]

  .   ____          _            __ _ _
 /\\ / ___'_ __ _ _(_)_ __  __ _ \ \ \ \
( ( )\___ | '_ | '_| | '_ \/ _` | \ \ \ \
 \\/  ___)| |_)| | | | | || (_| |  ) ) ) )
  '  |____| .__|_| |_|_| |_\__, | / / / /
 =========|_|==============|___/=/_/_/_/
 :: Spring Boot ::                (v2.7.9)

2023-06-01 12:28:16.368  INFO 1900 --- [    Test worker] cart.JwpCartApplicationTests             : Starting JwpCartApplicationTests using Java 11.0.19 on fv-az618-640 with PID 1900 (started by runner in /home/runner/work/jwp-shopping-order/jwp-shopping-order)
2023-06-01 12:28:16.368  INFO 1900 --- [    Test worker] cart.JwpCartApplicationTests             : No active profile set, falling back to 1 default profile: "default"
2023-06-01 12:28:16.548  INFO 1900 --- [    Test worker] com.zaxxer.hikari.HikariDataSource       : HikariPool-14 - Starting...
2023-06-01 12:28:16.550  INFO 1900 --- [    Test worker] com.zaxxer.hikari.HikariDataSource       : HikariPool-14 - Start completed.
2023-06-01 12:28:16.842  INFO 1900 --- [    Test worker] o.s.b.a.e.web.EndpointLinksResolver      : Exposing 1 endpoint(s) beneath base path '/actuator'
2023-06-01 12:28:16.862  INFO 1900 --- [    Test worker] cart.JwpCartApplicationTests             : Started JwpCartApplicationTests in 0.508 seconds (JVM running for 18.161)
]]></system-out>
  <system-err><![CDATA[]]></system-err>
</testsuite>
