<?xml version="1.0" encoding="UTF-8"?>
<testsuite name="cart.JwpCartApplicationTests" tests="1" skipped="0" failures="0" errors="0" timestamp="2023-06-04T10:49:15" hostname="LAPTOP-4RK3SJ4F" time="0.003">
  <properties/>
  <testcase name="contextLoads()" classname="cart.JwpCartApplicationTests" time="0.003"/>
  <system-out><![CDATA[2023-06-04 19:49:15.456  INFO 5552 --- [    Test worker] .b.t.c.SpringBootTestContextBootstrapper : Neither @ContextConfiguration nor @ContextHierarchy found for test class [cart.JwpCartApplicationTests], using SpringBootContextLoader
2023-06-04 19:49:15.458  INFO 5552 --- [    Test worker] o.s.t.c.support.AbstractContextLoader    : Could not detect default resource locations for test class [cart.JwpCartApplicationTests]: no resource found for suffixes {-context.xml, Context.groovy}.
2023-06-04 19:49:15.458  INFO 5552 --- [    Test worker] t.c.s.AnnotationConfigContextLoaderUtils : Could not detect default configuration classes for test class [cart.JwpCartApplicationTests]: JwpCartApplicationTests does not declare any static, non-private, non-final, nested classes annotated with @Configuration.
2023-06-04 19:49:15.468  INFO 5552 --- [    Test worker] .b.t.c.SpringBootTestContextBootstrapper : Found @SpringBootConfiguration cart.JwpCartApplication for test class cart.JwpCartApplicationTests
2023-06-04 19:49:15.470  INFO 5552 --- [    Test worker] .b.t.c.SpringBootTestContextBootstrapper : Loaded default TestExecutionListener class names from location [META-INF/spring.factories]: [org.springframework.boot.test.autoconfigure.restdocs.RestDocsTestExecutionListener, org.springframework.boot.test.autoconfigure.web.client.MockRestServiceServerResetTestExecutionListener, org.springframework.boot.test.autoconfigure.web.servlet.MockMvcPrintOnlyOnFailureTestExecutionListener, org.springframework.boot.test.autoconfigure.web.servlet.WebDriverTestExecutionListener, org.springframework.boot.test.autoconfigure.webservices.client.MockWebServiceServerTestExecutionListener, org.springframework.boot.test.mock.mockito.MockitoTestExecutionListener, org.springframework.boot.test.mock.mockito.ResetMocksTestExecutionListener, org.springframework.test.context.web.ServletTestExecutionListener, org.springframework.test.context.support.DirtiesContextBeforeModesTestExecutionListener, org.springframework.test.context.event.ApplicationEventsTestExecutionListener, org.springframework.test.context.support.DependencyInjectionTestExecutionListener, org.springframework.test.context.support.DirtiesContextTestExecutionListener, org.springframework.test.context.transaction.TransactionalTestExecutionListener, org.springframework.test.context.jdbc.SqlScriptsTestExecutionListener, org.springframework.test.context.event.EventPublishingTestExecutionListener]
2023-06-04 19:49:15.471  INFO 5552 --- [    Test worker] .b.t.c.SpringBootTestContextBootstrapper : Using TestExecutionListeners: [org.springframework.test.context.web.ServletTestExecutionListener@1f8253d4, org.springframework.test.context.support.DirtiesContextBeforeModesTestExecutionListener@415839fd, org.springframework.test.context.event.ApplicationEventsTestExecutionListener@76e8eb44, org.springframework.boot.test.mock.mockito.MockitoTestExecutionListener@7cdf094, org.springframework.boot.test.autoconfigure.SpringBootDependencyInjectionTestExecutionListener@adc1f4a, org.springframework.test.context.support.DirtiesContextTestExecutionListener@a4b583d, org.springframework.test.context.transaction.TransactionalTestExecutionListener@3bc820fb, org.springframework.test.context.jdbc.SqlScriptsTestExecutionListener@53e93e46, org.springframework.test.context.event.EventPublishingTestExecutionListener@39255d3e, org.springframework.boot.test.autoconfigure.restdocs.RestDocsTestExecutionListener@69ff7097, org.springframework.boot.test.autoconfigure.web.client.MockRestServiceServerResetTestExecutionListener@134a5aab, org.springframework.boot.test.autoconfigure.web.servlet.MockMvcPrintOnlyOnFailureTestExecutionListener@94b5d8a, org.springframework.boot.test.autoconfigure.web.servlet.WebDriverTestExecutionListener@1a142d30, org.springframework.boot.test.autoconfigure.webservices.client.MockWebServiceServerTestExecutionListener@87d9d2d, org.springframework.boot.test.mock.mockito.ResetMocksTestExecutionListener@4923018b]
]]></system-out>
  <system-err><![CDATA[]]></system-err>
</testsuite>
