<?xml version="1.0" encoding="UTF-8"?>
<testsuite name="cart.domain.PaymentRecordTest" tests="3" skipped="0" failures="0" errors="0" timestamp="2023-06-04T10:48:36" hostname="LAPTOP-4RK3SJ4F" time="0.003">
  <properties/>
  <testcase name="최종 결제 금액을 반환한다." classname="cart.domain.PaymentRecordTest" time="0.001"/>
  <testcase name="총 할인금액을 반환한다." classname="cart.domain.PaymentRecordTest" time="0.001"/>
  <testcase name="배송 금액을 반환한다." classname="cart.domain.PaymentRecordTest" time="0.0"/>
  <system-out><![CDATA[]]></system-out>
  <system-err><![CDATA[]]></system-err>
</testsuite>
