<?xml version="1.0" encoding="UTF-8"?>
<testsuite name="cart.application.OrderServiceTest" tests="6" skipped="0" failures="0" errors="0" timestamp="2023-06-04T10:48:35" hostname="LAPTOP-4RK3SJ4F" time="1.396">
  <properties/>
  <testcase name="CartItem 아이디 리스트가 비어있을 때 예외처리한다." classname="cart.application.OrderServiceTest" time="0.02"/>
  <testcase name="CartItem 아이디 리스트로 Order 객체를 생성한다." classname="cart.application.OrderServiceTest" time="1.007"/>
  <testcase name="요청 회원의 CartItem이 아닐 때 예외처리한다." classname="cart.application.OrderServiceTest" time="0.014"/>
  <testcase name="모든 Order를 반환한다." classname="cart.application.OrderServiceTest" time="0.021"/>
  <testcase name="Order 아이디로 Order를 반환한다." classname="cart.application.OrderServiceTest" time="0.018"/>
  <testcase name="CartItem 아이디 리스트로 Order 객체를 생성하고 저장한다." classname="cart.application.OrderServiceTest" time="0.313"/>
  <system-out><![CDATA[2023-06-04 19:48:33.090  INFO 5552 --- [    Test worker] .b.t.c.SpringBootTestContextBootstrapper : Neither @ContextConfiguration nor @ContextHierarchy found for test class [cart.application.OrderServiceTest], using SpringBootContextLoader
2023-06-04 19:48:33.092  INFO 5552 --- [    Test worker] o.s.t.c.support.AbstractContextLoader    : Could not detect default resource locations for test class [cart.application.OrderServiceTest]: no resource found for suffixes {-context.xml, Context.groovy}.
2023-06-04 19:48:33.093  INFO 5552 --- [    Test worker] t.c.s.AnnotationConfigContextLoaderUtils : Could not detect default configuration classes for test class [cart.application.OrderServiceTest]: OrderServiceTest does not declare any static, non-private, non-final, nested classes annotated with @Configuration.
2023-06-04 19:48:33.113  INFO 5552 --- [    Test worker] .b.t.c.SpringBootTestContextBootstrapper : Found @SpringBootConfiguration cart.JwpCartApplication for test class cart.application.OrderServiceTest
2023-06-04 19:48:33.116  INFO 5552 --- [    Test worker] .b.t.c.SpringBootTestContextBootstrapper : Loaded default TestExecutionListener class names from location [META-INF/spring.factories]: [org.springframework.boot.test.autoconfigure.restdocs.RestDocsTestExecutionListener, org.springframework.boot.test.autoconfigure.web.client.MockRestServiceServerResetTestExecutionListener, org.springframework.boot.test.autoconfigure.web.servlet.MockMvcPrintOnlyOnFailureTestExecutionListener, org.springframework.boot.test.autoconfigure.web.servlet.WebDriverTestExecutionListener, org.springframework.boot.test.autoconfigure.webservices.client.MockWebServiceServerTestExecutionListener, org.springframework.boot.test.mock.mockito.MockitoTestExecutionListener, org.springframework.boot.test.mock.mockito.ResetMocksTestExecutionListener, org.springframework.test.context.web.ServletTestExecutionListener, org.springframework.test.context.support.DirtiesContextBeforeModesTestExecutionListener, org.springframework.test.context.event.ApplicationEventsTestExecutionListener, org.springframework.test.context.support.DependencyInjectionTestExecutionListener, org.springframework.test.context.support.DirtiesContextTestExecutionListener, org.springframework.test.context.transaction.TransactionalTestExecutionListener, org.springframework.test.context.jdbc.SqlScriptsTestExecutionListener, org.springframework.test.context.event.EventPublishingTestExecutionListener]
2023-06-04 19:48:33.117  INFO 5552 --- [    Test worker] .b.t.c.SpringBootTestContextBootstrapper : Using TestExecutionListeners: [org.springframework.test.context.web.ServletTestExecutionListener@3e9a23d4, org.springframework.test.context.support.DirtiesContextBeforeModesTestExecutionListener@1dc2e09b, org.springframework.test.context.event.ApplicationEventsTestExecutionListener@7fc9a1ac, org.springframework.boot.test.mock.mockito.MockitoTestExecutionListener@7aebbd04, org.springframework.boot.test.autoconfigure.SpringBootDependencyInjectionTestExecutionListener@1500b50e, org.springframework.test.context.support.DirtiesContextTestExecutionListener@1f4c490d, org.springframework.test.context.transaction.TransactionalTestExecutionListener@2dba5f89, org.springframework.test.context.jdbc.SqlScriptsTestExecutionListener@a9ed4a7, org.springframework.test.context.event.EventPublishingTestExecutionListener@1a26a83f, org.springframework.boot.test.autoconfigure.restdocs.RestDocsTestExecutionListener@67df9e57, org.springframework.boot.test.autoconfigure.web.client.MockRestServiceServerResetTestExecutionListener@18e6c332, org.springframework.boot.test.autoconfigure.web.servlet.MockMvcPrintOnlyOnFailureTestExecutionListener@64a11765, org.springframework.boot.test.autoconfigure.web.servlet.WebDriverTestExecutionListener@4b692c9e, org.springframework.boot.test.autoconfigure.webservices.client.MockWebServiceServerTestExecutionListener@50df3e82, org.springframework.boot.test.mock.mockito.ResetMocksTestExecutionListener@7e0e98f8]

  .   ____          _            __ _ _
 /\\ / ___'_ __ _ _(_)_ __  __ _ \ \ \ \
( ( )\___ | '_ | '_| | '_ \/ _` | \ \ \ \
 \\/  ___)| |_)| | | | | || (_| |  ) ) ) )
  '  |____| .__|_| |_|_| |_\__, | / / / /
 =========|_|==============|___/=/_/_/_/
 :: Spring Boot ::                (v2.7.9)

2023-06-04 19:48:33.180  INFO 5552 --- [    Test worker] cart.application.OrderServiceTest        : Starting OrderServiceTest using Java 11.0.16.1 on LAPTOP-4RK3SJ4F with PID 5552 (started by SongSeyeon in C:\Github_projects\jwp-shopping-order)
2023-06-04 19:48:33.180  INFO 5552 --- [    Test worker] cart.application.OrderServiceTest        : No active profile set, falling back to 1 default profile: "default"
2023-06-04 19:48:34.093  INFO 5552 --- [    Test worker] com.zaxxer.hikari.HikariDataSource       : HikariPool-6 - Starting...
2023-06-04 19:48:34.095  INFO 5552 --- [    Test worker] com.zaxxer.hikari.HikariDataSource       : HikariPool-6 - Start completed.
2023-06-04 19:48:35.250  INFO 5552 --- [    Test worker] o.s.b.a.e.web.EndpointLinksResolver      : Exposing 1 endpoint(s) beneath base path '/actuator'
2023-06-04 19:48:35.296  INFO 5552 --- [    Test worker] cart.application.OrderServiceTest        : Started OrderServiceTest in 2.164 seconds (JVM running for 38.104)
2023-06-04 19:48:35.313  INFO 5552 --- [    Test worker] o.s.t.c.transaction.TransactionContext   : Began transaction (1) for test context [DefaultTestContext@1b51254d testClass = OrderServiceTest, testInstance = cart.application.OrderServiceTest@3f6f7b6d, testMethod = createOrderAndSave_fail@OrderServiceTest, testException = [null], mergedContextConfiguration = [WebMergedContextConfiguration@17892c2e testClass = OrderServiceTest, locations = '{}', classes = '{class cart.JwpCartApplication}', contextInitializerClasses = '[]', activeProfiles = '{}', propertySourceLocations = '{}', propertySourceProperties = '{org.springframework.boot.test.context.SpringBootTestContextBootstrapper=true}', contextCustomizers = set[org.springframework.boot.test.autoconfigure.actuate.metrics.MetricsExportContextCustomizerFactory$DisableMetricExportContextCustomizer@22c7ccab, org.springframework.boot.test.autoconfigure.properties.PropertyMappingContextCustomizer@0, org.springframework.boot.test.autoconfigure.web.servlet.WebDriverContextCustomizerFactory$Customizer@61fe294f, org.springframework.boot.test.context.filter.ExcludeFilterContextCustomizer@74b0337f, org.springframework.boot.test.json.DuplicateJsonObjectContextCustomizerFactory$DuplicateJsonObjectContextCustomizer@2e230d4c, org.springframework.boot.test.mock.mockito.MockitoContextCustomizer@0, org.springframework.boot.test.web.client.TestRestTemplateContextCustomizer@244c244e, org.springframework.boot.test.context.SpringBootTestArgs@1, org.springframework.boot.test.context.SpringBootTestWebEnvironment@6a85b204], resourceBasePath = 'src/main/webapp', contextLoader = 'org.springframework.boot.test.context.SpringBootContextLoader', parent = [null]], attributes = map['org.springframework.test.context.web.ServletTestExecutionListener.activateListener' -> true, 'org.springframework.test.context.web.ServletTestExecutionListener.populatedRequestContextHolder' -> true, 'org.springframework.test.context.web.ServletTestExecutionListener.resetRequestContextHolder' -> true, 'org.springframework.test.context.event.ApplicationEventsTestExecutionListener.recordApplicationEvents' -> false]]; transaction manager [org.springframework.jdbc.support.JdbcTransactionManager@1c8b6ee4]; rollback [true]
2023-06-04 19:48:35.315 DEBUG 5552 --- [    Test worker] o.s.jdbc.core.JdbcTemplate               : Executing prepared SQL query
2023-06-04 19:48:35.315 DEBUG 5552 --- [    Test worker] o.s.jdbc.core.JdbcTemplate               : Executing prepared SQL statement [SELECT cart_item.id, cart_item.member_id, member.email, product.id, product.name, product.price, product.image_url, cart_item.quantity FROM cart_item INNER JOIN member ON cart_item.member_id = member.id INNER JOIN product ON cart_item.product_id = product.id WHERE cart_item.member_id = ?]
2023-06-04 19:48:35.315 TRACE 5552 --- [    Test worker] o.s.jdbc.core.StatementCreatorUtils      : Setting SQL statement parameter value: column index 1, parameter value [1], value class [java.lang.Long], SQL type unknown
2023-06-04 19:48:35.326  INFO 5552 --- [    Test worker] o.s.t.c.transaction.TransactionContext   : Rolled back transaction for test: [DefaultTestContext@1b51254d testClass = OrderServiceTest, testInstance = cart.application.OrderServiceTest@3f6f7b6d, testMethod = createOrderAndSave_fail@OrderServiceTest, testException = [null], mergedContextConfiguration = [WebMergedContextConfiguration@17892c2e testClass = OrderServiceTest, locations = '{}', classes = '{class cart.JwpCartApplication}', contextInitializerClasses = '[]', activeProfiles = '{}', propertySourceLocations = '{}', propertySourceProperties = '{org.springframework.boot.test.context.SpringBootTestContextBootstrapper=true}', contextCustomizers = set[org.springframework.boot.test.autoconfigure.actuate.metrics.MetricsExportContextCustomizerFactory$DisableMetricExportContextCustomizer@22c7ccab, org.springframework.boot.test.autoconfigure.properties.PropertyMappingContextCustomizer@0, org.springframework.boot.test.autoconfigure.web.servlet.WebDriverContextCustomizerFactory$Customizer@61fe294f, org.springframework.boot.test.context.filter.ExcludeFilterContextCustomizer@74b0337f, org.springframework.boot.test.json.DuplicateJsonObjectContextCustomizerFactory$DuplicateJsonObjectContextCustomizer@2e230d4c, org.springframework.boot.test.mock.mockito.MockitoContextCustomizer@0, org.springframework.boot.test.web.client.TestRestTemplateContextCustomizer@244c244e, org.springframework.boot.test.context.SpringBootTestArgs@1, org.springframework.boot.test.context.SpringBootTestWebEnvironment@6a85b204], resourceBasePath = 'src/main/webapp', contextLoader = 'org.springframework.boot.test.context.SpringBootContextLoader', parent = [null]], attributes = map['org.springframework.test.context.web.ServletTestExecutionListener.activateListener' -> true, 'org.springframework.test.context.web.ServletTestExecutionListener.populatedRequestContextHolder' -> true, 'org.springframework.test.context.web.ServletTestExecutionListener.resetRequestContextHolder' -> true, 'org.springframework.test.context.event.ApplicationEventsTestExecutionListener.recordApplicationEvents' -> false]]
2023-06-04 19:48:35.328  INFO 5552 --- [    Test worker] o.s.t.c.transaction.TransactionContext   : Began transaction (1) for test context [DefaultTestContext@1b51254d testClass = OrderServiceTest, testInstance = cart.application.OrderServiceTest@266cf5fb, testMethod = createOrder@OrderServiceTest, testException = [null], mergedContextConfiguration = [WebMergedContextConfiguration@17892c2e testClass = OrderServiceTest, locations = '{}', classes = '{class cart.JwpCartApplication}', contextInitializerClasses = '[]', activeProfiles = '{}', propertySourceLocations = '{}', propertySourceProperties = '{org.springframework.boot.test.context.SpringBootTestContextBootstrapper=true}', contextCustomizers = set[org.springframework.boot.test.autoconfigure.actuate.metrics.MetricsExportContextCustomizerFactory$DisableMetricExportContextCustomizer@22c7ccab, org.springframework.boot.test.autoconfigure.properties.PropertyMappingContextCustomizer@0, org.springframework.boot.test.autoconfigure.web.servlet.WebDriverContextCustomizerFactory$Customizer@61fe294f, org.springframework.boot.test.context.filter.ExcludeFilterContextCustomizer@74b0337f, org.springframework.boot.test.json.DuplicateJsonObjectContextCustomizerFactory$DuplicateJsonObjectContextCustomizer@2e230d4c, org.springframework.boot.test.mock.mockito.MockitoContextCustomizer@0, org.springframework.boot.test.web.client.TestRestTemplateContextCustomizer@244c244e, org.springframework.boot.test.context.SpringBootTestArgs@1, org.springframework.boot.test.context.SpringBootTestWebEnvironment@6a85b204], resourceBasePath = 'src/main/webapp', contextLoader = 'org.springframework.boot.test.context.SpringBootContextLoader', parent = [null]], attributes = map['org.springframework.test.context.web.ServletTestExecutionListener.activateListener' -> true, 'org.springframework.test.context.web.ServletTestExecutionListener.populatedRequestContextHolder' -> true, 'org.springframework.test.context.web.ServletTestExecutionListener.resetRequestContextHolder' -> true, 'org.springframework.test.context.event.ApplicationEventsTestExecutionListener.recordApplicationEvents' -> false]]; transaction manager [org.springframework.jdbc.support.JdbcTransactionManager@1c8b6ee4]; rollback [true]
2023-06-04 19:48:35.330 DEBUG 5552 --- [    Test worker] o.s.jdbc.core.JdbcTemplate               : Executing prepared SQL query
2023-06-04 19:48:35.330 DEBUG 5552 --- [    Test worker] o.s.jdbc.core.JdbcTemplate               : Executing prepared SQL statement [SELECT cart_item.id, cart_item.member_id, member.email, product.id, product.name, product.price, product.image_url, cart_item.quantity FROM cart_item INNER JOIN member ON cart_item.member_id = member.id INNER JOIN product ON cart_item.product_id = product.id WHERE cart_item.member_id = ?]
2023-06-04 19:48:35.330 TRACE 5552 --- [    Test worker] o.s.jdbc.core.StatementCreatorUtils      : Setting SQL statement parameter value: column index 1, parameter value [1], value class [java.lang.Long], SQL type unknown
2023-06-04 19:48:35.331 DEBUG 5552 --- [    Test worker] o.s.jdbc.core.JdbcTemplate               : Executing prepared SQL query
2023-06-04 19:48:35.331 DEBUG 5552 --- [    Test worker] o.s.jdbc.core.JdbcTemplate               : Executing prepared SQL statement [SELECT cart_item.id, cart_item.member_id, member.email, product.id, product.name, product.price, product.image_url, cart_item.quantity FROM cart_item INNER JOIN member ON cart_item.member_id = member.id INNER JOIN product ON cart_item.product_id = product.id WHERE cart_item.id = ?]
2023-06-04 19:48:35.331 TRACE 5552 --- [    Test worker] o.s.jdbc.core.StatementCreatorUtils      : Setting SQL statement parameter value: column index 1, parameter value [1], value class [java.lang.Long], SQL type unknown
2023-06-04 19:48:35.332 DEBUG 5552 --- [    Test worker] o.s.jdbc.core.JdbcTemplate               : Executing prepared SQL query
2023-06-04 19:48:35.332 DEBUG 5552 --- [    Test worker] o.s.jdbc.core.JdbcTemplate               : Executing prepared SQL statement [SELECT cart_item.id, cart_item.member_id, member.email, product.id, product.name, product.price, product.image_url, cart_item.quantity FROM cart_item INNER JOIN member ON cart_item.member_id = member.id INNER JOIN product ON cart_item.product_id = product.id WHERE cart_item.id = ?]
2023-06-04 19:48:35.332 TRACE 5552 --- [    Test worker] o.s.jdbc.core.StatementCreatorUtils      : Setting SQL statement parameter value: column index 1, parameter value [2], value class [java.lang.Long], SQL type unknown
2023-06-04 19:48:36.334  INFO 5552 --- [    Test worker] o.s.t.c.transaction.TransactionContext   : Rolled back transaction for test: [DefaultTestContext@1b51254d testClass = OrderServiceTest, testInstance = cart.application.OrderServiceTest@266cf5fb, testMethod = createOrder@OrderServiceTest, testException = [null], mergedContextConfiguration = [WebMergedContextConfiguration@17892c2e testClass = OrderServiceTest, locations = '{}', classes = '{class cart.JwpCartApplication}', contextInitializerClasses = '[]', activeProfiles = '{}', propertySourceLocations = '{}', propertySourceProperties = '{org.springframework.boot.test.context.SpringBootTestContextBootstrapper=true}', contextCustomizers = set[org.springframework.boot.test.autoconfigure.actuate.metrics.MetricsExportContextCustomizerFactory$DisableMetricExportContextCustomizer@22c7ccab, org.springframework.boot.test.autoconfigure.properties.PropertyMappingContextCustomizer@0, org.springframework.boot.test.autoconfigure.web.servlet.WebDriverContextCustomizerFactory$Customizer@61fe294f, org.springframework.boot.test.context.filter.ExcludeFilterContextCustomizer@74b0337f, org.springframework.boot.test.json.DuplicateJsonObjectContextCustomizerFactory$DuplicateJsonObjectContextCustomizer@2e230d4c, org.springframework.boot.test.mock.mockito.MockitoContextCustomizer@0, org.springframework.boot.test.web.client.TestRestTemplateContextCustomizer@244c244e, org.springframework.boot.test.context.SpringBootTestArgs@1, org.springframework.boot.test.context.SpringBootTestWebEnvironment@6a85b204], resourceBasePath = 'src/main/webapp', contextLoader = 'org.springframework.boot.test.context.SpringBootContextLoader', parent = [null]], attributes = map['org.springframework.test.context.web.ServletTestExecutionListener.activateListener' -> true, 'org.springframework.test.context.web.ServletTestExecutionListener.populatedRequestContextHolder' -> true, 'org.springframework.test.context.web.ServletTestExecutionListener.resetRequestContextHolder' -> true, 'org.springframework.test.context.event.ApplicationEventsTestExecutionListener.recordApplicationEvents' -> false]]
2023-06-04 19:48:36.336  INFO 5552 --- [    Test worker] o.s.t.c.transaction.TransactionContext   : Began transaction (1) for test context [DefaultTestContext@1b51254d testClass = OrderServiceTest, testInstance = cart.application.OrderServiceTest@3cc65d6e, testMethod = createOrderAndSave_fail_@OrderServiceTest, testException = [null], mergedContextConfiguration = [WebMergedContextConfiguration@17892c2e testClass = OrderServiceTest, locations = '{}', classes = '{class cart.JwpCartApplication}', contextInitializerClasses = '[]', activeProfiles = '{}', propertySourceLocations = '{}', propertySourceProperties = '{org.springframework.boot.test.context.SpringBootTestContextBootstrapper=true}', contextCustomizers = set[org.springframework.boot.test.autoconfigure.actuate.metrics.MetricsExportContextCustomizerFactory$DisableMetricExportContextCustomizer@22c7ccab, org.springframework.boot.test.autoconfigure.properties.PropertyMappingContextCustomizer@0, org.springframework.boot.test.autoconfigure.web.servlet.WebDriverContextCustomizerFactory$Customizer@61fe294f, org.springframework.boot.test.context.filter.ExcludeFilterContextCustomizer@74b0337f, org.springframework.boot.test.json.DuplicateJsonObjectContextCustomizerFactory$DuplicateJsonObjectContextCustomizer@2e230d4c, org.springframework.boot.test.mock.mockito.MockitoContextCustomizer@0, org.springframework.boot.test.web.client.TestRestTemplateContextCustomizer@244c244e, org.springframework.boot.test.context.SpringBootTestArgs@1, org.springframework.boot.test.context.SpringBootTestWebEnvironment@6a85b204], resourceBasePath = 'src/main/webapp', contextLoader = 'org.springframework.boot.test.context.SpringBootContextLoader', parent = [null]], attributes = map['org.springframework.test.context.web.ServletTestExecutionListener.activateListener' -> true, 'org.springframework.test.context.web.ServletTestExecutionListener.populatedRequestContextHolder' -> true, 'org.springframework.test.context.web.ServletTestExecutionListener.resetRequestContextHolder' -> true, 'org.springframework.test.context.event.ApplicationEventsTestExecutionListener.recordApplicationEvents' -> false]]; transaction manager [org.springframework.jdbc.support.JdbcTransactionManager@1c8b6ee4]; rollback [true]
2023-06-04 19:48:36.337 DEBUG 5552 --- [    Test worker] o.s.jdbc.core.JdbcTemplate               : Executing prepared SQL query
2023-06-04 19:48:36.337 DEBUG 5552 --- [    Test worker] o.s.jdbc.core.JdbcTemplate               : Executing prepared SQL statement [SELECT cart_item.id, cart_item.member_id, member.email, product.id, product.name, product.price, product.image_url, cart_item.quantity FROM cart_item INNER JOIN member ON cart_item.member_id = member.id INNER JOIN product ON cart_item.product_id = product.id WHERE cart_item.member_id = ?]
2023-06-04 19:48:36.337 TRACE 5552 --- [    Test worker] o.s.jdbc.core.StatementCreatorUtils      : Setting SQL statement parameter value: column index 1, parameter value [1], value class [java.lang.Long], SQL type unknown
2023-06-04 19:48:36.338 DEBUG 5552 --- [    Test worker] o.s.jdbc.core.JdbcTemplate               : Executing prepared SQL query
2023-06-04 19:48:36.338 DEBUG 5552 --- [    Test worker] o.s.jdbc.core.JdbcTemplate               : Executing prepared SQL statement [SELECT cart_item.id, cart_item.member_id, member.email, product.id, product.name, product.price, product.image_url, cart_item.quantity FROM cart_item INNER JOIN member ON cart_item.member_id = member.id INNER JOIN product ON cart_item.product_id = product.id WHERE cart_item.id = ?]
2023-06-04 19:48:36.339 TRACE 5552 --- [    Test worker] o.s.jdbc.core.StatementCreatorUtils      : Setting SQL statement parameter value: column index 1, parameter value [1], value class [java.lang.Long], SQL type unknown
2023-06-04 19:48:36.340 DEBUG 5552 --- [    Test worker] o.s.jdbc.core.JdbcTemplate               : Executing prepared SQL query
2023-06-04 19:48:36.340 DEBUG 5552 --- [    Test worker] o.s.jdbc.core.JdbcTemplate               : Executing prepared SQL statement [SELECT cart_item.id, cart_item.member_id, member.email, product.id, product.name, product.price, product.image_url, cart_item.quantity FROM cart_item INNER JOIN member ON cart_item.member_id = member.id INNER JOIN product ON cart_item.product_id = product.id WHERE cart_item.id = ?]
2023-06-04 19:48:36.341 TRACE 5552 --- [    Test worker] o.s.jdbc.core.StatementCreatorUtils      : Setting SQL statement parameter value: column index 1, parameter value [1], value class [java.lang.Long], SQL type unknown
2023-06-04 19:48:36.349  INFO 5552 --- [    Test worker] o.s.t.c.transaction.TransactionContext   : Rolled back transaction for test: [DefaultTestContext@1b51254d testClass = OrderServiceTest, testInstance = cart.application.OrderServiceTest@3cc65d6e, testMethod = createOrderAndSave_fail_@OrderServiceTest, testException = [null], mergedContextConfiguration = [WebMergedContextConfiguration@17892c2e testClass = OrderServiceTest, locations = '{}', classes = '{class cart.JwpCartApplication}', contextInitializerClasses = '[]', activeProfiles = '{}', propertySourceLocations = '{}', propertySourceProperties = '{org.springframework.boot.test.context.SpringBootTestContextBootstrapper=true}', contextCustomizers = set[org.springframework.boot.test.autoconfigure.actuate.metrics.MetricsExportContextCustomizerFactory$DisableMetricExportContextCustomizer@22c7ccab, org.springframework.boot.test.autoconfigure.properties.PropertyMappingContextCustomizer@0, org.springframework.boot.test.autoconfigure.web.servlet.WebDriverContextCustomizerFactory$Customizer@61fe294f, org.springframework.boot.test.context.filter.ExcludeFilterContextCustomizer@74b0337f, org.springframework.boot.test.json.DuplicateJsonObjectContextCustomizerFactory$DuplicateJsonObjectContextCustomizer@2e230d4c, org.springframework.boot.test.mock.mockito.MockitoContextCustomizer@0, org.springframework.boot.test.web.client.TestRestTemplateContextCustomizer@244c244e, org.springframework.boot.test.context.SpringBootTestArgs@1, org.springframework.boot.test.context.SpringBootTestWebEnvironment@6a85b204], resourceBasePath = 'src/main/webapp', contextLoader = 'org.springframework.boot.test.context.SpringBootContextLoader', parent = [null]], attributes = map['org.springframework.test.context.web.ServletTestExecutionListener.activateListener' -> true, 'org.springframework.test.context.web.ServletTestExecutionListener.populatedRequestContextHolder' -> true, 'org.springframework.test.context.web.ServletTestExecutionListener.resetRequestContextHolder' -> true, 'org.springframework.test.context.event.ApplicationEventsTestExecutionListener.recordApplicationEvents' -> false]]
2023-06-04 19:48:36.351  INFO 5552 --- [    Test worker] o.s.t.c.transaction.TransactionContext   : Began transaction (1) for test context [DefaultTestContext@1b51254d testClass = OrderServiceTest, testInstance = cart.application.OrderServiceTest@278c3fa1, testMethod = retrieveAllOrders@OrderServiceTest, testException = [null], mergedContextConfiguration = [WebMergedContextConfiguration@17892c2e testClass = OrderServiceTest, locations = '{}', classes = '{class cart.JwpCartApplication}', contextInitializerClasses = '[]', activeProfiles = '{}', propertySourceLocations = '{}', propertySourceProperties = '{org.springframework.boot.test.context.SpringBootTestContextBootstrapper=true}', contextCustomizers = set[org.springframework.boot.test.autoconfigure.actuate.metrics.MetricsExportContextCustomizerFactory$DisableMetricExportContextCustomizer@22c7ccab, org.springframework.boot.test.autoconfigure.properties.PropertyMappingContextCustomizer@0, org.springframework.boot.test.autoconfigure.web.servlet.WebDriverContextCustomizerFactory$Customizer@61fe294f, org.springframework.boot.test.context.filter.ExcludeFilterContextCustomizer@74b0337f, org.springframework.boot.test.json.DuplicateJsonObjectContextCustomizerFactory$DuplicateJsonObjectContextCustomizer@2e230d4c, org.springframework.boot.test.mock.mockito.MockitoContextCustomizer@0, org.springframework.boot.test.web.client.TestRestTemplateContextCustomizer@244c244e, org.springframework.boot.test.context.SpringBootTestArgs@1, org.springframework.boot.test.context.SpringBootTestWebEnvironment@6a85b204], resourceBasePath = 'src/main/webapp', contextLoader = 'org.springframework.boot.test.context.SpringBootContextLoader', parent = [null]], attributes = map['org.springframework.test.context.web.ServletTestExecutionListener.activateListener' -> true, 'org.springframework.test.context.web.ServletTestExecutionListener.populatedRequestContextHolder' -> true, 'org.springframework.test.context.web.ServletTestExecutionListener.resetRequestContextHolder' -> true, 'org.springframework.test.context.event.ApplicationEventsTestExecutionListener.recordApplicationEvents' -> false]]; transaction manager [org.springframework.jdbc.support.JdbcTransactionManager@1c8b6ee4]; rollback [true]
2023-06-04 19:48:36.352 DEBUG 5552 --- [    Test worker] o.s.jdbc.core.JdbcTemplate               : Executing prepared SQL query
2023-06-04 19:48:36.352 DEBUG 5552 --- [    Test worker] o.s.jdbc.core.JdbcTemplate               : Executing prepared SQL statement [SELECT cart_item.id, cart_item.member_id, member.email, product.id, product.name, product.price, product.image_url, cart_item.quantity FROM cart_item INNER JOIN member ON cart_item.member_id = member.id INNER JOIN product ON cart_item.product_id = product.id WHERE cart_item.member_id = ?]
2023-06-04 19:48:36.353 TRACE 5552 --- [    Test worker] o.s.jdbc.core.StatementCreatorUtils      : Setting SQL statement parameter value: column index 1, parameter value [1], value class [java.lang.Long], SQL type unknown
2023-06-04 19:48:36.354 DEBUG 5552 --- [    Test worker] o.s.jdbc.core.JdbcTemplate               : Executing prepared SQL query
2023-06-04 19:48:36.354 DEBUG 5552 --- [    Test worker] o.s.jdbc.core.JdbcTemplate               : Executing prepared SQL statement [SELECT cart_item.id, cart_item.member_id, member.email, product.id, product.name, product.price, product.image_url, cart_item.quantity FROM cart_item INNER JOIN member ON cart_item.member_id = member.id INNER JOIN product ON cart_item.product_id = product.id WHERE cart_item.id = ?]
2023-06-04 19:48:36.354 TRACE 5552 --- [    Test worker] o.s.jdbc.core.StatementCreatorUtils      : Setting SQL statement parameter value: column index 1, parameter value [1], value class [java.lang.Long], SQL type unknown
2023-06-04 19:48:36.355 DEBUG 5552 --- [    Test worker] o.s.jdbc.core.simple.SimpleJdbcInsert    : JdbcInsert not compiled before execution - invoking compile
2023-06-04 19:48:36.355 DEBUG 5552 --- [    Test worker] o.s.j.c.m.TableMetaDataProviderFactory   : Using GenericTableMetaDataProvider
2023-06-04 19:48:36.355 DEBUG 5552 --- [    Test worker] o.s.j.c.metadata.TableMetaDataProvider   : GetGeneratedKeys is supported
2023-06-04 19:48:36.355 DEBUG 5552 --- [    Test worker] o.s.j.c.metadata.TableMetaDataProvider   : GeneratedKeysColumnNameArray is supported for H2
2023-06-04 19:48:36.355 DEBUG 5552 --- [    Test worker] o.s.j.c.metadata.TableMetaDataProvider   : Retrieving meta-data for TEST/PUBLIC/ORDER_RECORD
2023-06-04 19:48:36.356 DEBUG 5552 --- [    Test worker] o.s.j.c.metadata.TableMetaDataProvider   : Retrieved meta-data: 'ID', sqlType=-5, nullable=false
2023-06-04 19:48:36.356 DEBUG 5552 --- [    Test worker] o.s.j.c.metadata.TableMetaDataProvider   : Retrieved meta-data: 'MEMBER_ID', sqlType=-5, nullable=false
2023-06-04 19:48:36.356 DEBUG 5552 --- [    Test worker] o.s.j.c.metadata.TableMetaDataProvider   : Retrieved meta-data: 'ORDER_TIME', sqlType=93, nullable=false
2023-06-04 19:48:36.356 DEBUG 5552 --- [    Test worker] o.s.jdbc.core.simple.SimpleJdbcInsert    : Compiled insert object: insert string is [INSERT INTO order_record (MEMBER_ID, ORDER_TIME) VALUES(?, ?)]
2023-06-04 19:48:36.356 DEBUG 5552 --- [    Test worker] o.s.jdbc.core.simple.SimpleJdbcInsert    : JdbcInsert for table [order_record] compiled
2023-06-04 19:48:36.356 DEBUG 5552 --- [    Test worker] o.s.jdbc.core.simple.SimpleJdbcInsert    : The following parameters are used for call INSERT INTO order_record (MEMBER_ID, ORDER_TIME) VALUES(?, ?) with: [1, 2023-06-04 19:48:36.3543721]
2023-06-04 19:48:36.356 DEBUG 5552 --- [    Test worker] o.s.jdbc.core.JdbcTemplate               : Executing SQL update and returning generated keys
2023-06-04 19:48:36.356 DEBUG 5552 --- [    Test worker] o.s.jdbc.core.JdbcTemplate               : Executing prepared SQL statement
2023-06-04 19:48:36.356 DEBUG 5552 --- [    Test worker] o.s.jdbc.core.simple.SimpleJdbcInsert    : Using generated keys support with array of column names.
2023-06-04 19:48:36.356 TRACE 5552 --- [    Test worker] o.s.jdbc.core.StatementCreatorUtils      : Setting SQL statement parameter value: column index 1, parameter value [1], value class [java.lang.Long], SQL type -5
2023-06-04 19:48:36.356 TRACE 5552 --- [    Test worker] o.s.jdbc.core.StatementCreatorUtils      : Setting SQL statement parameter value: column index 2, parameter value [2023-06-04 19:48:36.3543721], value class [java.sql.Timestamp], SQL type 93
2023-06-04 19:48:36.357 TRACE 5552 --- [    Test worker] o.s.jdbc.core.JdbcTemplate               : SQL update affected 1 rows and returned 1 keys
2023-06-04 19:48:36.357 DEBUG 5552 --- [    Test worker] o.s.jdbc.core.simple.SimpleJdbcInsert    : JdbcInsert not compiled before execution - invoking compile
2023-06-04 19:48:36.357 DEBUG 5552 --- [    Test worker] o.s.j.c.m.TableMetaDataProviderFactory   : Using GenericTableMetaDataProvider
2023-06-04 19:48:36.357 DEBUG 5552 --- [    Test worker] o.s.j.c.metadata.TableMetaDataProvider   : GetGeneratedKeys is supported
2023-06-04 19:48:36.357 DEBUG 5552 --- [    Test worker] o.s.j.c.metadata.TableMetaDataProvider   : GeneratedKeysColumnNameArray is supported for H2
2023-06-04 19:48:36.357 DEBUG 5552 --- [    Test worker] o.s.j.c.metadata.TableMetaDataProvider   : Retrieving meta-data for TEST/PUBLIC/ORDER_ITEM
2023-06-04 19:48:36.357 DEBUG 5552 --- [    Test worker] o.s.j.c.metadata.TableMetaDataProvider   : Retrieved meta-data: 'ID', sqlType=-5, nullable=false
2023-06-04 19:48:36.357 DEBUG 5552 --- [    Test worker] o.s.j.c.metadata.TableMetaDataProvider   : Retrieved meta-data: 'NAME', sqlType=12, nullable=false
2023-06-04 19:48:36.357 DEBUG 5552 --- [    Test worker] o.s.j.c.metadata.TableMetaDataProvider   : Retrieved meta-data: 'IMAGE_URL', sqlType=12, nullable=false
2023-06-04 19:48:36.357 DEBUG 5552 --- [    Test worker] o.s.j.c.metadata.TableMetaDataProvider   : Retrieved meta-data: 'QUANTITY', sqlType=4, nullable=false
2023-06-04 19:48:36.357 DEBUG 5552 --- [    Test worker] o.s.j.c.metadata.TableMetaDataProvider   : Retrieved meta-data: 'TOTAL_PRICE', sqlType=4, nullable=false
2023-06-04 19:48:36.357 DEBUG 5552 --- [    Test worker] o.s.j.c.metadata.TableMetaDataProvider   : Retrieved meta-data: 'ORDER_ID', sqlType=-5, nullable=false
2023-06-04 19:48:36.357 DEBUG 5552 --- [    Test worker] o.s.jdbc.core.simple.SimpleJdbcInsert    : Compiled insert object: insert string is [INSERT INTO order_item (NAME, IMAGE_URL, QUANTITY, TOTAL_PRICE, ORDER_ID) VALUES(?, ?, ?, ?, ?)]
2023-06-04 19:48:36.357 DEBUG 5552 --- [    Test worker] o.s.jdbc.core.simple.SimpleJdbcInsert    : JdbcInsert for table [order_item] compiled
2023-06-04 19:48:36.357 DEBUG 5552 --- [    Test worker] o.s.jdbc.core.simple.SimpleJdbcInsert    : The following parameters are used for call INSERT INTO order_item (NAME, IMAGE_URL, QUANTITY, TOTAL_PRICE, ORDER_ID) VALUES(?, ?, ?, ?, ?) with: [移섑궓, https://images.unsplash.com/photo-1626082927389-6cd097cdc6ec?ixlib=rb-4.0.3&ixid=MnwxMjA3fDB8MHxwaG90by1wYWdlfHx8fGVufDB8fHx8&auto=format&fit=crop&w=2370&q=80, 2, 20000, 1]
2023-06-04 19:48:36.357 DEBUG 5552 --- [    Test worker] o.s.jdbc.core.JdbcTemplate               : Executing SQL update and returning generated keys
2023-06-04 19:48:36.357 DEBUG 5552 --- [    Test worker] o.s.jdbc.core.JdbcTemplate               : Executing prepared SQL statement
2023-06-04 19:48:36.357 DEBUG 5552 --- [    Test worker] o.s.jdbc.core.simple.SimpleJdbcInsert    : Using generated keys support with array of column names.
2023-06-04 19:48:36.357 TRACE 5552 --- [    Test worker] o.s.jdbc.core.StatementCreatorUtils      : Setting SQL statement parameter value: column index 1, parameter value [移섑궓], value class [java.lang.String], SQL type 12
2023-06-04 19:48:36.358 TRACE 5552 --- [    Test worker] o.s.jdbc.core.StatementCreatorUtils      : Setting SQL statement parameter value: column index 2, parameter value [https://images.unsplash.com/photo-1626082927389-6cd097cdc6ec?ixlib=rb-4.0.3&ixid=MnwxMjA3fDB8MHxwaG90by1wYWdlfHx8fGVufDB8fHx8&auto=format&fit=crop&w=2370&q=80], value class [java.lang.String], SQL type 12
2023-06-04 19:48:36.358 TRACE 5552 --- [    Test worker] o.s.jdbc.core.StatementCreatorUtils      : Setting SQL statement parameter value: column index 3, parameter value [2], value class [java.lang.Integer], SQL type 4
2023-06-04 19:48:36.358 TRACE 5552 --- [    Test worker] o.s.jdbc.core.StatementCreatorUtils      : Setting SQL statement parameter value: column index 4, parameter value [20000], value class [java.lang.Integer], SQL type 4
2023-06-04 19:48:36.358 TRACE 5552 --- [    Test worker] o.s.jdbc.core.StatementCreatorUtils      : Setting SQL statement parameter value: column index 5, parameter value [1], value class [java.lang.Long], SQL type -5
2023-06-04 19:48:36.358 TRACE 5552 --- [    Test worker] o.s.jdbc.core.JdbcTemplate               : SQL update affected 1 rows and returned 1 keys
2023-06-04 19:48:36.358 DEBUG 5552 --- [    Test worker] o.s.jdbc.core.JdbcTemplate               : Executing prepared SQL update
2023-06-04 19:48:36.358 DEBUG 5552 --- [    Test worker] o.s.jdbc.core.JdbcTemplate               : Executing prepared SQL statement [DELETE FROM cart_item WHERE id = ?]
2023-06-04 19:48:36.359 TRACE 5552 --- [    Test worker] o.s.jdbc.core.StatementCreatorUtils      : Setting SQL statement parameter value: column index 1, parameter value [1], value class [java.lang.Long], SQL type unknown
2023-06-04 19:48:36.359 TRACE 5552 --- [    Test worker] o.s.jdbc.core.JdbcTemplate               : SQL update affected 1 rows
2023-06-04 19:48:36.359 DEBUG 5552 --- [    Test worker] o.s.jdbc.core.JdbcTemplate               : Executing prepared SQL query
2023-06-04 19:48:36.359 DEBUG 5552 --- [    Test worker] o.s.jdbc.core.JdbcTemplate               : Executing prepared SQL statement [SELECT cart_item.id, cart_item.member_id, member.email, product.id, product.name, product.price, product.image_url, cart_item.quantity FROM cart_item INNER JOIN member ON cart_item.member_id = member.id INNER JOIN product ON cart_item.product_id = product.id WHERE cart_item.id = ?]
2023-06-04 19:48:36.359 TRACE 5552 --- [    Test worker] o.s.jdbc.core.StatementCreatorUtils      : Setting SQL statement parameter value: column index 1, parameter value [2], value class [java.lang.Long], SQL type unknown
2023-06-04 19:48:36.360 DEBUG 5552 --- [    Test worker] o.s.jdbc.core.simple.SimpleJdbcInsert    : The following parameters are used for call INSERT INTO order_record (MEMBER_ID, ORDER_TIME) VALUES(?, ?) with: [1, 2023-06-04 19:48:36.3603765]
2023-06-04 19:48:36.360 DEBUG 5552 --- [    Test worker] o.s.jdbc.core.JdbcTemplate               : Executing SQL update and returning generated keys
2023-06-04 19:48:36.360 DEBUG 5552 --- [    Test worker] o.s.jdbc.core.JdbcTemplate               : Executing prepared SQL statement
2023-06-04 19:48:36.360 DEBUG 5552 --- [    Test worker] o.s.jdbc.core.simple.SimpleJdbcInsert    : Using generated keys support with array of column names.
2023-06-04 19:48:36.360 TRACE 5552 --- [    Test worker] o.s.jdbc.core.StatementCreatorUtils      : Setting SQL statement parameter value: column index 1, parameter value [1], value class [java.lang.Long], SQL type -5
2023-06-04 19:48:36.360 TRACE 5552 --- [    Test worker] o.s.jdbc.core.StatementCreatorUtils      : Setting SQL statement parameter value: column index 2, parameter value [2023-06-04 19:48:36.3603765], value class [java.sql.Timestamp], SQL type 93
2023-06-04 19:48:36.361 TRACE 5552 --- [    Test worker] o.s.jdbc.core.JdbcTemplate               : SQL update affected 1 rows and returned 1 keys
2023-06-04 19:48:36.361 DEBUG 5552 --- [    Test worker] o.s.jdbc.core.simple.SimpleJdbcInsert    : The following parameters are used for call INSERT INTO order_item (NAME, IMAGE_URL, QUANTITY, TOTAL_PRICE, ORDER_ID) VALUES(?, ?, ?, ?, ?) with: [?깘?윭?뱶, https://images.unsplash.com/photo-1512621776951-a57141f2eefd?ixlib=rb-4.0.3&ixid=MnwxMjA3fDB8MHxwaG90by1wYWdlfHx8fGVufDB8fHx8&auto=format&fit=crop&w=2370&q=80, 4, 80000, 2]
2023-06-04 19:48:36.361 DEBUG 5552 --- [    Test worker] o.s.jdbc.core.JdbcTemplate               : Executing SQL update and returning generated keys
2023-06-04 19:48:36.361 DEBUG 5552 --- [    Test worker] o.s.jdbc.core.JdbcTemplate               : Executing prepared SQL statement
2023-06-04 19:48:36.361 DEBUG 5552 --- [    Test worker] o.s.jdbc.core.simple.SimpleJdbcInsert    : Using generated keys support with array of column names.
2023-06-04 19:48:36.361 TRACE 5552 --- [    Test worker] o.s.jdbc.core.StatementCreatorUtils      : Setting SQL statement parameter value: column index 1, parameter value [?깘?윭?뱶], value class [java.lang.String], SQL type 12
2023-06-04 19:48:36.361 TRACE 5552 --- [    Test worker] o.s.jdbc.core.StatementCreatorUtils      : Setting SQL statement parameter value: column index 2, parameter value [https://images.unsplash.com/photo-1512621776951-a57141f2eefd?ixlib=rb-4.0.3&ixid=MnwxMjA3fDB8MHxwaG90by1wYWdlfHx8fGVufDB8fHx8&auto=format&fit=crop&w=2370&q=80], value class [java.lang.String], SQL type 12
2023-06-04 19:48:36.361 TRACE 5552 --- [    Test worker] o.s.jdbc.core.StatementCreatorUtils      : Setting SQL statement parameter value: column index 3, parameter value [4], value class [java.lang.Integer], SQL type 4
2023-06-04 19:48:36.361 TRACE 5552 --- [    Test worker] o.s.jdbc.core.StatementCreatorUtils      : Setting SQL statement parameter value: column index 4, parameter value [80000], value class [java.lang.Integer], SQL type 4
2023-06-04 19:48:36.361 TRACE 5552 --- [    Test worker] o.s.jdbc.core.StatementCreatorUtils      : Setting SQL statement parameter value: column index 5, parameter value [2], value class [java.lang.Long], SQL type -5
2023-06-04 19:48:36.362 TRACE 5552 --- [    Test worker] o.s.jdbc.core.JdbcTemplate               : SQL update affected 1 rows and returned 1 keys
2023-06-04 19:48:36.362 DEBUG 5552 --- [    Test worker] o.s.jdbc.core.JdbcTemplate               : Executing prepared SQL update
2023-06-04 19:48:36.362 DEBUG 5552 --- [    Test worker] o.s.jdbc.core.JdbcTemplate               : Executing prepared SQL statement [DELETE FROM cart_item WHERE id = ?]
2023-06-04 19:48:36.362 TRACE 5552 --- [    Test worker] o.s.jdbc.core.StatementCreatorUtils      : Setting SQL statement parameter value: column index 1, parameter value [2], value class [java.lang.Long], SQL type unknown
2023-06-04 19:48:36.363 TRACE 5552 --- [    Test worker] o.s.jdbc.core.JdbcTemplate               : SQL update affected 1 rows
2023-06-04 19:48:36.363 DEBUG 5552 --- [    Test worker] o.s.jdbc.core.JdbcTemplate               : Executing prepared SQL query
2023-06-04 19:48:36.363 DEBUG 5552 --- [    Test worker] o.s.jdbc.core.JdbcTemplate               : Executing prepared SQL statement [SELECT * FROM order_record WHERE member_id = ?]
2023-06-04 19:48:36.363 TRACE 5552 --- [    Test worker] o.s.jdbc.core.StatementCreatorUtils      : Setting SQL statement parameter value: column index 1, parameter value [1], value class [java.lang.Long], SQL type unknown
2023-06-04 19:48:36.364 DEBUG 5552 --- [    Test worker] o.s.jdbc.core.JdbcTemplate               : Executing prepared SQL query
2023-06-04 19:48:36.364 DEBUG 5552 --- [    Test worker] o.s.jdbc.core.JdbcTemplate               : Executing prepared SQL statement [SELECT * FROM order_item WHERE order_id = ?]
2023-06-04 19:48:36.364 TRACE 5552 --- [    Test worker] o.s.jdbc.core.StatementCreatorUtils      : Setting SQL statement parameter value: column index 1, parameter value [1], value class [java.lang.Long], SQL type unknown
2023-06-04 19:48:36.364 DEBUG 5552 --- [    Test worker] o.s.jdbc.core.JdbcTemplate               : Executing prepared SQL query
2023-06-04 19:48:36.364 DEBUG 5552 --- [    Test worker] o.s.jdbc.core.JdbcTemplate               : Executing prepared SQL statement [SELECT * FROM order_item WHERE order_id = ?]
2023-06-04 19:48:36.364 TRACE 5552 --- [    Test worker] o.s.jdbc.core.StatementCreatorUtils      : Setting SQL statement parameter value: column index 1, parameter value [2], value class [java.lang.Long], SQL type unknown
2023-06-04 19:48:36.370  INFO 5552 --- [    Test worker] o.s.t.c.transaction.TransactionContext   : Rolled back transaction for test: [DefaultTestContext@1b51254d testClass = OrderServiceTest, testInstance = cart.application.OrderServiceTest@278c3fa1, testMethod = retrieveAllOrders@OrderServiceTest, testException = [null], mergedContextConfiguration = [WebMergedContextConfiguration@17892c2e testClass = OrderServiceTest, locations = '{}', classes = '{class cart.JwpCartApplication}', contextInitializerClasses = '[]', activeProfiles = '{}', propertySourceLocations = '{}', propertySourceProperties = '{org.springframework.boot.test.context.SpringBootTestContextBootstrapper=true}', contextCustomizers = set[org.springframework.boot.test.autoconfigure.actuate.metrics.MetricsExportContextCustomizerFactory$DisableMetricExportContextCustomizer@22c7ccab, org.springframework.boot.test.autoconfigure.properties.PropertyMappingContextCustomizer@0, org.springframework.boot.test.autoconfigure.web.servlet.WebDriverContextCustomizerFactory$Customizer@61fe294f, org.springframework.boot.test.context.filter.ExcludeFilterContextCustomizer@74b0337f, org.springframework.boot.test.json.DuplicateJsonObjectContextCustomizerFactory$DuplicateJsonObjectContextCustomizer@2e230d4c, org.springframework.boot.test.mock.mockito.MockitoContextCustomizer@0, org.springframework.boot.test.web.client.TestRestTemplateContextCustomizer@244c244e, org.springframework.boot.test.context.SpringBootTestArgs@1, org.springframework.boot.test.context.SpringBootTestWebEnvironment@6a85b204], resourceBasePath = 'src/main/webapp', contextLoader = 'org.springframework.boot.test.context.SpringBootContextLoader', parent = [null]], attributes = map['org.springframework.test.context.web.ServletTestExecutionListener.activateListener' -> true, 'org.springframework.test.context.web.ServletTestExecutionListener.populatedRequestContextHolder' -> true, 'org.springframework.test.context.web.ServletTestExecutionListener.resetRequestContextHolder' -> true, 'org.springframework.test.context.event.ApplicationEventsTestExecutionListener.recordApplicationEvents' -> false]]
2023-06-04 19:48:36.372  INFO 5552 --- [    Test worker] o.s.t.c.transaction.TransactionContext   : Began transaction (1) for test context [DefaultTestContext@1b51254d testClass = OrderServiceTest, testInstance = cart.application.OrderServiceTest@78435107, testMethod = retrieveOrderById@OrderServiceTest, testException = [null], mergedContextConfiguration = [WebMergedContextConfiguration@17892c2e testClass = OrderServiceTest, locations = '{}', classes = '{class cart.JwpCartApplication}', contextInitializerClasses = '[]', activeProfiles = '{}', propertySourceLocations = '{}', propertySourceProperties = '{org.springframework.boot.test.context.SpringBootTestContextBootstrapper=true}', contextCustomizers = set[org.springframework.boot.test.autoconfigure.actuate.metrics.MetricsExportContextCustomizerFactory$DisableMetricExportContextCustomizer@22c7ccab, org.springframework.boot.test.autoconfigure.properties.PropertyMappingContextCustomizer@0, org.springframework.boot.test.autoconfigure.web.servlet.WebDriverContextCustomizerFactory$Customizer@61fe294f, org.springframework.boot.test.context.filter.ExcludeFilterContextCustomizer@74b0337f, org.springframework.boot.test.json.DuplicateJsonObjectContextCustomizerFactory$DuplicateJsonObjectContextCustomizer@2e230d4c, org.springframework.boot.test.mock.mockito.MockitoContextCustomizer@0, org.springframework.boot.test.web.client.TestRestTemplateContextCustomizer@244c244e, org.springframework.boot.test.context.SpringBootTestArgs@1, org.springframework.boot.test.context.SpringBootTestWebEnvironment@6a85b204], resourceBasePath = 'src/main/webapp', contextLoader = 'org.springframework.boot.test.context.SpringBootContextLoader', parent = [null]], attributes = map['org.springframework.test.context.web.ServletTestExecutionListener.activateListener' -> true, 'org.springframework.test.context.web.ServletTestExecutionListener.populatedRequestContextHolder' -> true, 'org.springframework.test.context.web.ServletTestExecutionListener.resetRequestContextHolder' -> true, 'org.springframework.test.context.event.ApplicationEventsTestExecutionListener.recordApplicationEvents' -> false]]; transaction manager [org.springframework.jdbc.support.JdbcTransactionManager@1c8b6ee4]; rollback [true]
2023-06-04 19:48:36.374 DEBUG 5552 --- [    Test worker] o.s.jdbc.core.JdbcTemplate               : Executing prepared SQL query
2023-06-04 19:48:36.374 DEBUG 5552 --- [    Test worker] o.s.jdbc.core.JdbcTemplate               : Executing prepared SQL statement [SELECT cart_item.id, cart_item.member_id, member.email, product.id, product.name, product.price, product.image_url, cart_item.quantity FROM cart_item INNER JOIN member ON cart_item.member_id = member.id INNER JOIN product ON cart_item.product_id = product.id WHERE cart_item.member_id = ?]
2023-06-04 19:48:36.374 TRACE 5552 --- [    Test worker] o.s.jdbc.core.StatementCreatorUtils      : Setting SQL statement parameter value: column index 1, parameter value [1], value class [java.lang.Long], SQL type unknown
2023-06-04 19:48:36.375 DEBUG 5552 --- [    Test worker] o.s.jdbc.core.JdbcTemplate               : Executing prepared SQL query
2023-06-04 19:48:36.376 DEBUG 5552 --- [    Test worker] o.s.jdbc.core.JdbcTemplate               : Executing prepared SQL statement [SELECT cart_item.id, cart_item.member_id, member.email, product.id, product.name, product.price, product.image_url, cart_item.quantity FROM cart_item INNER JOIN member ON cart_item.member_id = member.id INNER JOIN product ON cart_item.product_id = product.id WHERE cart_item.id = ?]
2023-06-04 19:48:36.376 TRACE 5552 --- [    Test worker] o.s.jdbc.core.StatementCreatorUtils      : Setting SQL statement parameter value: column index 1, parameter value [1], value class [java.lang.Long], SQL type unknown
2023-06-04 19:48:36.377 DEBUG 5552 --- [    Test worker] o.s.jdbc.core.JdbcTemplate               : Executing prepared SQL query
2023-06-04 19:48:36.377 DEBUG 5552 --- [    Test worker] o.s.jdbc.core.JdbcTemplate               : Executing prepared SQL statement [SELECT cart_item.id, cart_item.member_id, member.email, product.id, product.name, product.price, product.image_url, cart_item.quantity FROM cart_item INNER JOIN member ON cart_item.member_id = member.id INNER JOIN product ON cart_item.product_id = product.id WHERE cart_item.id = ?]
2023-06-04 19:48:36.377 TRACE 5552 --- [    Test worker] o.s.jdbc.core.StatementCreatorUtils      : Setting SQL statement parameter value: column index 1, parameter value [2], value class [java.lang.Long], SQL type unknown
2023-06-04 19:48:36.377 DEBUG 5552 --- [    Test worker] o.s.jdbc.core.simple.SimpleJdbcInsert    : The following parameters are used for call INSERT INTO order_record (MEMBER_ID, ORDER_TIME) VALUES(?, ?) with: [1, 2023-06-04 19:48:36.3773774]
2023-06-04 19:48:36.378 DEBUG 5552 --- [    Test worker] o.s.jdbc.core.JdbcTemplate               : Executing SQL update and returning generated keys
2023-06-04 19:48:36.378 DEBUG 5552 --- [    Test worker] o.s.jdbc.core.JdbcTemplate               : Executing prepared SQL statement
2023-06-04 19:48:36.378 DEBUG 5552 --- [    Test worker] o.s.jdbc.core.simple.SimpleJdbcInsert    : Using generated keys support with array of column names.
2023-06-04 19:48:36.378 TRACE 5552 --- [    Test worker] o.s.jdbc.core.StatementCreatorUtils      : Setting SQL statement parameter value: column index 1, parameter value [1], value class [java.lang.Long], SQL type -5
2023-06-04 19:48:36.378 TRACE 5552 --- [    Test worker] o.s.jdbc.core.StatementCreatorUtils      : Setting SQL statement parameter value: column index 2, parameter value [2023-06-04 19:48:36.3773774], value class [java.sql.Timestamp], SQL type 93
2023-06-04 19:48:36.379 TRACE 5552 --- [    Test worker] o.s.jdbc.core.JdbcTemplate               : SQL update affected 1 rows and returned 1 keys
2023-06-04 19:48:36.380 DEBUG 5552 --- [    Test worker] o.s.jdbc.core.simple.SimpleJdbcInsert    : The following parameters are used for call INSERT INTO order_item (NAME, IMAGE_URL, QUANTITY, TOTAL_PRICE, ORDER_ID) VALUES(?, ?, ?, ?, ?) with: [移섑궓, https://images.unsplash.com/photo-1626082927389-6cd097cdc6ec?ixlib=rb-4.0.3&ixid=MnwxMjA3fDB8MHxwaG90by1wYWdlfHx8fGVufDB8fHx8&auto=format&fit=crop&w=2370&q=80, 2, 20000, 3]
2023-06-04 19:48:36.380 DEBUG 5552 --- [    Test worker] o.s.jdbc.core.JdbcTemplate               : Executing SQL update and returning generated keys
2023-06-04 19:48:36.380 DEBUG 5552 --- [    Test worker] o.s.jdbc.core.JdbcTemplate               : Executing prepared SQL statement
2023-06-04 19:48:36.380 DEBUG 5552 --- [    Test worker] o.s.jdbc.core.simple.SimpleJdbcInsert    : Using generated keys support with array of column names.
2023-06-04 19:48:36.380 TRACE 5552 --- [    Test worker] o.s.jdbc.core.StatementCreatorUtils      : Setting SQL statement parameter value: column index 1, parameter value [移섑궓], value class [java.lang.String], SQL type 12
2023-06-04 19:48:36.380 TRACE 5552 --- [    Test worker] o.s.jdbc.core.StatementCreatorUtils      : Setting SQL statement parameter value: column index 2, parameter value [https://images.unsplash.com/photo-1626082927389-6cd097cdc6ec?ixlib=rb-4.0.3&ixid=MnwxMjA3fDB8MHxwaG90by1wYWdlfHx8fGVufDB8fHx8&auto=format&fit=crop&w=2370&q=80], value class [java.lang.String], SQL type 12
2023-06-04 19:48:36.380 TRACE 5552 --- [    Test worker] o.s.jdbc.core.StatementCreatorUtils      : Setting SQL statement parameter value: column index 3, parameter value [2], value class [java.lang.Integer], SQL type 4
2023-06-04 19:48:36.380 TRACE 5552 --- [    Test worker] o.s.jdbc.core.StatementCreatorUtils      : Setting SQL statement parameter value: column index 4, parameter value [20000], value class [java.lang.Integer], SQL type 4
2023-06-04 19:48:36.380 TRACE 5552 --- [    Test worker] o.s.jdbc.core.StatementCreatorUtils      : Setting SQL statement parameter value: column index 5, parameter value [3], value class [java.lang.Long], SQL type -5
2023-06-04 19:48:36.381 TRACE 5552 --- [    Test worker] o.s.jdbc.core.JdbcTemplate               : SQL update affected 1 rows and returned 1 keys
2023-06-04 19:48:36.381 DEBUG 5552 --- [    Test worker] o.s.jdbc.core.simple.SimpleJdbcInsert    : The following parameters are used for call INSERT INTO order_item (NAME, IMAGE_URL, QUANTITY, TOTAL_PRICE, ORDER_ID) VALUES(?, ?, ?, ?, ?) with: [?깘?윭?뱶, https://images.unsplash.com/photo-1512621776951-a57141f2eefd?ixlib=rb-4.0.3&ixid=MnwxMjA3fDB8MHxwaG90by1wYWdlfHx8fGVufDB8fHx8&auto=format&fit=crop&w=2370&q=80, 4, 80000, 3]
2023-06-04 19:48:36.381 DEBUG 5552 --- [    Test worker] o.s.jdbc.core.JdbcTemplate               : Executing SQL update and returning generated keys
2023-06-04 19:48:36.381 DEBUG 5552 --- [    Test worker] o.s.jdbc.core.JdbcTemplate               : Executing prepared SQL statement
2023-06-04 19:48:36.381 DEBUG 5552 --- [    Test worker] o.s.jdbc.core.simple.SimpleJdbcInsert    : Using generated keys support with array of column names.
2023-06-04 19:48:36.381 TRACE 5552 --- [    Test worker] o.s.jdbc.core.StatementCreatorUtils      : Setting SQL statement parameter value: column index 1, parameter value [?깘?윭?뱶], value class [java.lang.String], SQL type 12
2023-06-04 19:48:36.381 TRACE 5552 --- [    Test worker] o.s.jdbc.core.StatementCreatorUtils      : Setting SQL statement parameter value: column index 2, parameter value [https://images.unsplash.com/photo-1512621776951-a57141f2eefd?ixlib=rb-4.0.3&ixid=MnwxMjA3fDB8MHxwaG90by1wYWdlfHx8fGVufDB8fHx8&auto=format&fit=crop&w=2370&q=80], value class [java.lang.String], SQL type 12
2023-06-04 19:48:36.381 TRACE 5552 --- [    Test worker] o.s.jdbc.core.StatementCreatorUtils      : Setting SQL statement parameter value: column index 3, parameter value [4], value class [java.lang.Integer], SQL type 4
2023-06-04 19:48:36.381 TRACE 5552 --- [    Test worker] o.s.jdbc.core.StatementCreatorUtils      : Setting SQL statement parameter value: column index 4, parameter value [80000], value class [java.lang.Integer], SQL type 4
2023-06-04 19:48:36.382 TRACE 5552 --- [    Test worker] o.s.jdbc.core.StatementCreatorUtils      : Setting SQL statement parameter value: column index 5, parameter value [3], value class [java.lang.Long], SQL type -5
2023-06-04 19:48:36.382 TRACE 5552 --- [    Test worker] o.s.jdbc.core.JdbcTemplate               : SQL update affected 1 rows and returned 1 keys
2023-06-04 19:48:36.382 DEBUG 5552 --- [    Test worker] o.s.jdbc.core.JdbcTemplate               : Executing prepared SQL update
2023-06-04 19:48:36.383 DEBUG 5552 --- [    Test worker] o.s.jdbc.core.JdbcTemplate               : Executing prepared SQL statement [DELETE FROM cart_item WHERE id = ?]
2023-06-04 19:48:36.383 TRACE 5552 --- [    Test worker] o.s.jdbc.core.StatementCreatorUtils      : Setting SQL statement parameter value: column index 1, parameter value [1], value class [java.lang.Long], SQL type unknown
2023-06-04 19:48:36.383 TRACE 5552 --- [    Test worker] o.s.jdbc.core.JdbcTemplate               : SQL update affected 1 rows
2023-06-04 19:48:36.383 DEBUG 5552 --- [    Test worker] o.s.jdbc.core.JdbcTemplate               : Executing prepared SQL update
2023-06-04 19:48:36.383 DEBUG 5552 --- [    Test worker] o.s.jdbc.core.JdbcTemplate               : Executing prepared SQL statement [DELETE FROM cart_item WHERE id = ?]
2023-06-04 19:48:36.384 TRACE 5552 --- [    Test worker] o.s.jdbc.core.StatementCreatorUtils      : Setting SQL statement parameter value: column index 1, parameter value [2], value class [java.lang.Long], SQL type unknown
2023-06-04 19:48:36.384 TRACE 5552 --- [    Test worker] o.s.jdbc.core.JdbcTemplate               : SQL update affected 1 rows
2023-06-04 19:48:36.384 DEBUG 5552 --- [    Test worker] o.s.jdbc.core.JdbcTemplate               : Executing prepared SQL query
2023-06-04 19:48:36.384 DEBUG 5552 --- [    Test worker] o.s.jdbc.core.JdbcTemplate               : Executing prepared SQL statement [SELECT * FROM order_record WHERE id = ?]
2023-06-04 19:48:36.384 TRACE 5552 --- [    Test worker] o.s.jdbc.core.StatementCreatorUtils      : Setting SQL statement parameter value: column index 1, parameter value [3], value class [java.lang.Long], SQL type unknown
2023-06-04 19:48:36.385 DEBUG 5552 --- [    Test worker] o.s.jdbc.core.JdbcTemplate               : Executing prepared SQL query
2023-06-04 19:48:36.385 DEBUG 5552 --- [    Test worker] o.s.jdbc.core.JdbcTemplate               : Executing prepared SQL statement [SELECT * FROM member WHERE id = ?]
2023-06-04 19:48:36.385 TRACE 5552 --- [    Test worker] o.s.jdbc.core.StatementCreatorUtils      : Setting SQL statement parameter value: column index 1, parameter value [1], value class [java.lang.Long], SQL type unknown
2023-06-04 19:48:36.385 DEBUG 5552 --- [    Test worker] o.s.jdbc.core.JdbcTemplate               : Executing prepared SQL query
2023-06-04 19:48:36.386 DEBUG 5552 --- [    Test worker] o.s.jdbc.core.JdbcTemplate               : Executing prepared SQL statement [SELECT * FROM order_item WHERE order_id = ?]
2023-06-04 19:48:36.386 TRACE 5552 --- [    Test worker] o.s.jdbc.core.StatementCreatorUtils      : Setting SQL statement parameter value: column index 1, parameter value [3], value class [java.lang.Long], SQL type unknown
2023-06-04 19:48:36.390  INFO 5552 --- [    Test worker] o.s.t.c.transaction.TransactionContext   : Rolled back transaction for test: [DefaultTestContext@1b51254d testClass = OrderServiceTest, testInstance = cart.application.OrderServiceTest@78435107, testMethod = retrieveOrderById@OrderServiceTest, testException = [null], mergedContextConfiguration = [WebMergedContextConfiguration@17892c2e testClass = OrderServiceTest, locations = '{}', classes = '{class cart.JwpCartApplication}', contextInitializerClasses = '[]', activeProfiles = '{}', propertySourceLocations = '{}', propertySourceProperties = '{org.springframework.boot.test.context.SpringBootTestContextBootstrapper=true}', contextCustomizers = set[org.springframework.boot.test.autoconfigure.actuate.metrics.MetricsExportContextCustomizerFactory$DisableMetricExportContextCustomizer@22c7ccab, org.springframework.boot.test.autoconfigure.properties.PropertyMappingContextCustomizer@0, org.springframework.boot.test.autoconfigure.web.servlet.WebDriverContextCustomizerFactory$Customizer@61fe294f, org.springframework.boot.test.context.filter.ExcludeFilterContextCustomizer@74b0337f, org.springframework.boot.test.json.DuplicateJsonObjectContextCustomizerFactory$DuplicateJsonObjectContextCustomizer@2e230d4c, org.springframework.boot.test.mock.mockito.MockitoContextCustomizer@0, org.springframework.boot.test.web.client.TestRestTemplateContextCustomizer@244c244e, org.springframework.boot.test.context.SpringBootTestArgs@1, org.springframework.boot.test.context.SpringBootTestWebEnvironment@6a85b204], resourceBasePath = 'src/main/webapp', contextLoader = 'org.springframework.boot.test.context.SpringBootContextLoader', parent = [null]], attributes = map['org.springframework.test.context.web.ServletTestExecutionListener.activateListener' -> true, 'org.springframework.test.context.web.ServletTestExecutionListener.populatedRequestContextHolder' -> true, 'org.springframework.test.context.web.ServletTestExecutionListener.resetRequestContextHolder' -> true, 'org.springframework.test.context.event.ApplicationEventsTestExecutionListener.recordApplicationEvents' -> false]]
2023-06-04 19:48:36.392  INFO 5552 --- [    Test worker] o.s.t.c.transaction.TransactionContext   : Began transaction (1) for test context [DefaultTestContext@1b51254d testClass = OrderServiceTest, testInstance = cart.application.OrderServiceTest@62ea53a3, testMethod = createOrderAndSave@OrderServiceTest, testException = [null], mergedContextConfiguration = [WebMergedContextConfiguration@17892c2e testClass = OrderServiceTest, locations = '{}', classes = '{class cart.JwpCartApplication}', contextInitializerClasses = '[]', activeProfiles = '{}', propertySourceLocations = '{}', propertySourceProperties = '{org.springframework.boot.test.context.SpringBootTestContextBootstrapper=true}', contextCustomizers = set[org.springframework.boot.test.autoconfigure.actuate.metrics.MetricsExportContextCustomizerFactory$DisableMetricExportContextCustomizer@22c7ccab, org.springframework.boot.test.autoconfigure.properties.PropertyMappingContextCustomizer@0, org.springframework.boot.test.autoconfigure.web.servlet.WebDriverContextCustomizerFactory$Customizer@61fe294f, org.springframework.boot.test.context.filter.ExcludeFilterContextCustomizer@74b0337f, org.springframework.boot.test.json.DuplicateJsonObjectContextCustomizerFactory$DuplicateJsonObjectContextCustomizer@2e230d4c, org.springframework.boot.test.mock.mockito.MockitoContextCustomizer@0, org.springframework.boot.test.web.client.TestRestTemplateContextCustomizer@244c244e, org.springframework.boot.test.context.SpringBootTestArgs@1, org.springframework.boot.test.context.SpringBootTestWebEnvironment@6a85b204], resourceBasePath = 'src/main/webapp', contextLoader = 'org.springframework.boot.test.context.SpringBootContextLoader', parent = [null]], attributes = map['org.springframework.test.context.web.ServletTestExecutionListener.activateListener' -> true, 'org.springframework.test.context.web.ServletTestExecutionListener.populatedRequestContextHolder' -> true, 'org.springframework.test.context.web.ServletTestExecutionListener.resetRequestContextHolder' -> true, 'org.springframework.test.context.event.ApplicationEventsTestExecutionListener.recordApplicationEvents' -> false]]; transaction manager [org.springframework.jdbc.support.JdbcTransactionManager@1c8b6ee4]; rollback [true]
2023-06-04 19:48:36.393 DEBUG 5552 --- [    Test worker] o.s.jdbc.core.JdbcTemplate               : Executing prepared SQL query
2023-06-04 19:48:36.394 DEBUG 5552 --- [    Test worker] o.s.jdbc.core.JdbcTemplate               : Executing prepared SQL statement [SELECT cart_item.id, cart_item.member_id, member.email, product.id, product.name, product.price, product.image_url, cart_item.quantity FROM cart_item INNER JOIN member ON cart_item.member_id = member.id INNER JOIN product ON cart_item.product_id = product.id WHERE cart_item.member_id = ?]
2023-06-04 19:48:36.394 TRACE 5552 --- [    Test worker] o.s.jdbc.core.StatementCreatorUtils      : Setting SQL statement parameter value: column index 1, parameter value [1], value class [java.lang.Long], SQL type unknown
2023-06-04 19:48:36.397 DEBUG 5552 --- [    Test worker] o.s.jdbc.core.JdbcTemplate               : Executing prepared SQL query
2023-06-04 19:48:36.397 DEBUG 5552 --- [    Test worker] o.s.jdbc.core.JdbcTemplate               : Executing prepared SQL statement [SELECT cart_item.id, cart_item.member_id, member.email, product.id, product.name, product.price, product.image_url, cart_item.quantity FROM cart_item INNER JOIN member ON cart_item.member_id = member.id INNER JOIN product ON cart_item.product_id = product.id WHERE cart_item.id = ?]
2023-06-04 19:48:36.398 TRACE 5552 --- [    Test worker] o.s.jdbc.core.StatementCreatorUtils      : Setting SQL statement parameter value: column index 1, parameter value [1], value class [java.lang.Long], SQL type unknown
2023-06-04 19:48:36.398 DEBUG 5552 --- [    Test worker] o.s.jdbc.core.JdbcTemplate               : Executing prepared SQL query
2023-06-04 19:48:36.399 DEBUG 5552 --- [    Test worker] o.s.jdbc.core.JdbcTemplate               : Executing prepared SQL statement [SELECT cart_item.id, cart_item.member_id, member.email, product.id, product.name, product.price, product.image_url, cart_item.quantity FROM cart_item INNER JOIN member ON cart_item.member_id = member.id INNER JOIN product ON cart_item.product_id = product.id WHERE cart_item.id = ?]
2023-06-04 19:48:36.399 TRACE 5552 --- [    Test worker] o.s.jdbc.core.StatementCreatorUtils      : Setting SQL statement parameter value: column index 1, parameter value [2], value class [java.lang.Long], SQL type unknown
2023-06-04 19:48:36.400 DEBUG 5552 --- [    Test worker] o.s.jdbc.core.JdbcTemplate               : Executing prepared SQL query
2023-06-04 19:48:36.400 DEBUG 5552 --- [    Test worker] o.s.jdbc.core.JdbcTemplate               : Executing prepared SQL statement [SELECT cart_item.id, cart_item.member_id, member.email, product.id, product.name, product.price, product.image_url, cart_item.quantity FROM cart_item INNER JOIN member ON cart_item.member_id = member.id INNER JOIN product ON cart_item.product_id = product.id WHERE cart_item.id = ?]
2023-06-04 19:48:36.400 TRACE 5552 --- [    Test worker] o.s.jdbc.core.StatementCreatorUtils      : Setting SQL statement parameter value: column index 1, parameter value [1], value class [java.lang.Long], SQL type unknown
2023-06-04 19:48:36.400 DEBUG 5552 --- [    Test worker] o.s.jdbc.core.JdbcTemplate               : Executing prepared SQL query
2023-06-04 19:48:36.400 DEBUG 5552 --- [    Test worker] o.s.jdbc.core.JdbcTemplate               : Executing prepared SQL statement [SELECT cart_item.id, cart_item.member_id, member.email, product.id, product.name, product.price, product.image_url, cart_item.quantity FROM cart_item INNER JOIN member ON cart_item.member_id = member.id INNER JOIN product ON cart_item.product_id = product.id WHERE cart_item.id = ?]
2023-06-04 19:48:36.400 TRACE 5552 --- [    Test worker] o.s.jdbc.core.StatementCreatorUtils      : Setting SQL statement parameter value: column index 1, parameter value [2], value class [java.lang.Long], SQL type unknown
2023-06-04 19:48:36.401 DEBUG 5552 --- [    Test worker] o.s.jdbc.core.simple.SimpleJdbcInsert    : The following parameters are used for call INSERT INTO order_record (MEMBER_ID, ORDER_TIME) VALUES(?, ?) with: [1, 2023-06-04 19:48:36.4013864]
2023-06-04 19:48:36.401 DEBUG 5552 --- [    Test worker] o.s.jdbc.core.JdbcTemplate               : Executing SQL update and returning generated keys
2023-06-04 19:48:36.401 DEBUG 5552 --- [    Test worker] o.s.jdbc.core.JdbcTemplate               : Executing prepared SQL statement
2023-06-04 19:48:36.401 DEBUG 5552 --- [    Test worker] o.s.jdbc.core.simple.SimpleJdbcInsert    : Using generated keys support with array of column names.
2023-06-04 19:48:36.401 TRACE 5552 --- [    Test worker] o.s.jdbc.core.StatementCreatorUtils      : Setting SQL statement parameter value: column index 1, parameter value [1], value class [java.lang.Long], SQL type -5
2023-06-04 19:48:36.401 TRACE 5552 --- [    Test worker] o.s.jdbc.core.StatementCreatorUtils      : Setting SQL statement parameter value: column index 2, parameter value [2023-06-04 19:48:36.4013864], value class [java.sql.Timestamp], SQL type 93
2023-06-04 19:48:36.402 TRACE 5552 --- [    Test worker] o.s.jdbc.core.JdbcTemplate               : SQL update affected 1 rows and returned 1 keys
2023-06-04 19:48:36.402 DEBUG 5552 --- [    Test worker] o.s.jdbc.core.simple.SimpleJdbcInsert    : The following parameters are used for call INSERT INTO order_item (NAME, IMAGE_URL, QUANTITY, TOTAL_PRICE, ORDER_ID) VALUES(?, ?, ?, ?, ?) with: [移섑궓, https://images.unsplash.com/photo-1626082927389-6cd097cdc6ec?ixlib=rb-4.0.3&ixid=MnwxMjA3fDB8MHxwaG90by1wYWdlfHx8fGVufDB8fHx8&auto=format&fit=crop&w=2370&q=80, 2, 20000, 4]
2023-06-04 19:48:36.402 DEBUG 5552 --- [    Test worker] o.s.jdbc.core.JdbcTemplate               : Executing SQL update and returning generated keys
2023-06-04 19:48:36.402 DEBUG 5552 --- [    Test worker] o.s.jdbc.core.JdbcTemplate               : Executing prepared SQL statement
2023-06-04 19:48:36.402 DEBUG 5552 --- [    Test worker] o.s.jdbc.core.simple.SimpleJdbcInsert    : Using generated keys support with array of column names.
2023-06-04 19:48:36.403 TRACE 5552 --- [    Test worker] o.s.jdbc.core.StatementCreatorUtils      : Setting SQL statement parameter value: column index 1, parameter value [移섑궓], value class [java.lang.String], SQL type 12
2023-06-04 19:48:36.403 TRACE 5552 --- [    Test worker] o.s.jdbc.core.StatementCreatorUtils      : Setting SQL statement parameter value: column index 2, parameter value [https://images.unsplash.com/photo-1626082927389-6cd097cdc6ec?ixlib=rb-4.0.3&ixid=MnwxMjA3fDB8MHxwaG90by1wYWdlfHx8fGVufDB8fHx8&auto=format&fit=crop&w=2370&q=80], value class [java.lang.String], SQL type 12
2023-06-04 19:48:36.403 TRACE 5552 --- [    Test worker] o.s.jdbc.core.StatementCreatorUtils      : Setting SQL statement parameter value: column index 3, parameter value [2], value class [java.lang.Integer], SQL type 4
2023-06-04 19:48:36.403 TRACE 5552 --- [    Test worker] o.s.jdbc.core.StatementCreatorUtils      : Setting SQL statement parameter value: column index 4, parameter value [20000], value class [java.lang.Integer], SQL type 4
2023-06-04 19:48:36.403 TRACE 5552 --- [    Test worker] o.s.jdbc.core.StatementCreatorUtils      : Setting SQL statement parameter value: column index 5, parameter value [4], value class [java.lang.Long], SQL type -5
2023-06-04 19:48:36.403 TRACE 5552 --- [    Test worker] o.s.jdbc.core.JdbcTemplate               : SQL update affected 1 rows and returned 1 keys
2023-06-04 19:48:36.404 DEBUG 5552 --- [    Test worker] o.s.jdbc.core.simple.SimpleJdbcInsert    : The following parameters are used for call INSERT INTO order_item (NAME, IMAGE_URL, QUANTITY, TOTAL_PRICE, ORDER_ID) VALUES(?, ?, ?, ?, ?) with: [?깘?윭?뱶, https://images.unsplash.com/photo-1512621776951-a57141f2eefd?ixlib=rb-4.0.3&ixid=MnwxMjA3fDB8MHxwaG90by1wYWdlfHx8fGVufDB8fHx8&auto=format&fit=crop&w=2370&q=80, 4, 80000, 4]
2023-06-04 19:48:36.404 DEBUG 5552 --- [    Test worker] o.s.jdbc.core.JdbcTemplate               : Executing SQL update and returning generated keys
2023-06-04 19:48:36.404 DEBUG 5552 --- [    Test worker] o.s.jdbc.core.JdbcTemplate               : Executing prepared SQL statement
2023-06-04 19:48:36.404 DEBUG 5552 --- [    Test worker] o.s.jdbc.core.simple.SimpleJdbcInsert    : Using generated keys support with array of column names.
2023-06-04 19:48:36.404 TRACE 5552 --- [    Test worker] o.s.jdbc.core.StatementCreatorUtils      : Setting SQL statement parameter value: column index 1, parameter value [?깘?윭?뱶], value class [java.lang.String], SQL type 12
2023-06-04 19:48:36.404 TRACE 5552 --- [    Test worker] o.s.jdbc.core.StatementCreatorUtils      : Setting SQL statement parameter value: column index 2, parameter value [https://images.unsplash.com/photo-1512621776951-a57141f2eefd?ixlib=rb-4.0.3&ixid=MnwxMjA3fDB8MHxwaG90by1wYWdlfHx8fGVufDB8fHx8&auto=format&fit=crop&w=2370&q=80], value class [java.lang.String], SQL type 12
2023-06-04 19:48:36.404 TRACE 5552 --- [    Test worker] o.s.jdbc.core.StatementCreatorUtils      : Setting SQL statement parameter value: column index 3, parameter value [4], value class [java.lang.Integer], SQL type 4
2023-06-04 19:48:36.404 TRACE 5552 --- [    Test worker] o.s.jdbc.core.StatementCreatorUtils      : Setting SQL statement parameter value: column index 4, parameter value [80000], value class [java.lang.Integer], SQL type 4
2023-06-04 19:48:36.404 TRACE 5552 --- [    Test worker] o.s.jdbc.core.StatementCreatorUtils      : Setting SQL statement parameter value: column index 5, parameter value [4], value class [java.lang.Long], SQL type -5
2023-06-04 19:48:36.405 TRACE 5552 --- [    Test worker] o.s.jdbc.core.JdbcTemplate               : SQL update affected 1 rows and returned 1 keys
2023-06-04 19:48:36.405 DEBUG 5552 --- [    Test worker] o.s.jdbc.core.JdbcTemplate               : Executing prepared SQL update
2023-06-04 19:48:36.405 DEBUG 5552 --- [    Test worker] o.s.jdbc.core.JdbcTemplate               : Executing prepared SQL statement [DELETE FROM cart_item WHERE id = ?]
2023-06-04 19:48:36.405 TRACE 5552 --- [    Test worker] o.s.jdbc.core.StatementCreatorUtils      : Setting SQL statement parameter value: column index 1, parameter value [1], value class [java.lang.Long], SQL type unknown
2023-06-04 19:48:36.405 TRACE 5552 --- [    Test worker] o.s.jdbc.core.JdbcTemplate               : SQL update affected 1 rows
2023-06-04 19:48:36.406 DEBUG 5552 --- [    Test worker] o.s.jdbc.core.JdbcTemplate               : Executing prepared SQL update
2023-06-04 19:48:36.406 DEBUG 5552 --- [    Test worker] o.s.jdbc.core.JdbcTemplate               : Executing prepared SQL statement [DELETE FROM cart_item WHERE id = ?]
2023-06-04 19:48:36.406 TRACE 5552 --- [    Test worker] o.s.jdbc.core.StatementCreatorUtils      : Setting SQL statement parameter value: column index 1, parameter value [2], value class [java.lang.Long], SQL type unknown
2023-06-04 19:48:36.406 TRACE 5552 --- [    Test worker] o.s.jdbc.core.JdbcTemplate               : SQL update affected 1 rows
2023-06-04 19:48:36.407 DEBUG 5552 --- [    Test worker] o.s.jdbc.core.JdbcTemplate               : Executing prepared SQL query
2023-06-04 19:48:36.407 DEBUG 5552 --- [    Test worker] o.s.jdbc.core.JdbcTemplate               : Executing prepared SQL statement [SELECT * FROM order_record WHERE id = ?]
2023-06-04 19:48:36.408 TRACE 5552 --- [    Test worker] o.s.jdbc.core.StatementCreatorUtils      : Setting SQL statement parameter value: column index 1, parameter value [4], value class [java.lang.Long], SQL type unknown
2023-06-04 19:48:36.408 DEBUG 5552 --- [    Test worker] o.s.jdbc.core.JdbcTemplate               : Executing prepared SQL query
2023-06-04 19:48:36.408 DEBUG 5552 --- [    Test worker] o.s.jdbc.core.JdbcTemplate               : Executing prepared SQL statement [SELECT * FROM member WHERE id = ?]
2023-06-04 19:48:36.409 TRACE 5552 --- [    Test worker] o.s.jdbc.core.StatementCreatorUtils      : Setting SQL statement parameter value: column index 1, parameter value [1], value class [java.lang.Long], SQL type unknown
2023-06-04 19:48:36.409 DEBUG 5552 --- [    Test worker] o.s.jdbc.core.JdbcTemplate               : Executing prepared SQL query
2023-06-04 19:48:36.409 DEBUG 5552 --- [    Test worker] o.s.jdbc.core.JdbcTemplate               : Executing prepared SQL statement [SELECT * FROM order_item WHERE order_id = ?]
2023-06-04 19:48:36.409 TRACE 5552 --- [    Test worker] o.s.jdbc.core.StatementCreatorUtils      : Setting SQL statement parameter value: column index 1, parameter value [4], value class [java.lang.Long], SQL type unknown
2023-06-04 19:48:36.699 DEBUG 5552 --- [    Test worker] o.s.jdbc.core.JdbcTemplate               : Executing prepared SQL query
2023-06-04 19:48:36.699 DEBUG 5552 --- [    Test worker] o.s.jdbc.core.JdbcTemplate               : Executing prepared SQL statement [SELECT cart_item.id, cart_item.member_id, member.email, product.id, product.name, product.price, product.image_url, cart_item.quantity FROM cart_item INNER JOIN member ON cart_item.member_id = member.id INNER JOIN product ON cart_item.product_id = product.id WHERE cart_item.id = ?]
2023-06-04 19:48:36.699 TRACE 5552 --- [    Test worker] o.s.jdbc.core.StatementCreatorUtils      : Setting SQL statement parameter value: column index 1, parameter value [1], value class [java.lang.Long], SQL type unknown
2023-06-04 19:48:36.700 DEBUG 5552 --- [    Test worker] o.s.jdbc.core.JdbcTemplate               : Executing prepared SQL query
2023-06-04 19:48:36.700 DEBUG 5552 --- [    Test worker] o.s.jdbc.core.JdbcTemplate               : Executing prepared SQL statement [SELECT cart_item.id, cart_item.member_id, member.email, product.id, product.name, product.price, product.image_url, cart_item.quantity FROM cart_item INNER JOIN member ON cart_item.member_id = member.id INNER JOIN product ON cart_item.product_id = product.id WHERE cart_item.id = ?]
2023-06-04 19:48:36.700 TRACE 5552 --- [    Test worker] o.s.jdbc.core.StatementCreatorUtils      : Setting SQL statement parameter value: column index 1, parameter value [2], value class [java.lang.Long], SQL type unknown
2023-06-04 19:48:36.703  INFO 5552 --- [    Test worker] o.s.t.c.transaction.TransactionContext   : Rolled back transaction for test: [DefaultTestContext@1b51254d testClass = OrderServiceTest, testInstance = cart.application.OrderServiceTest@62ea53a3, testMethod = createOrderAndSave@OrderServiceTest, testException = [null], mergedContextConfiguration = [WebMergedContextConfiguration@17892c2e testClass = OrderServiceTest, locations = '{}', classes = '{class cart.JwpCartApplication}', contextInitializerClasses = '[]', activeProfiles = '{}', propertySourceLocations = '{}', propertySourceProperties = '{org.springframework.boot.test.context.SpringBootTestContextBootstrapper=true}', contextCustomizers = set[org.springframework.boot.test.autoconfigure.actuate.metrics.MetricsExportContextCustomizerFactory$DisableMetricExportContextCustomizer@22c7ccab, org.springframework.boot.test.autoconfigure.properties.PropertyMappingContextCustomizer@0, org.springframework.boot.test.autoconfigure.web.servlet.WebDriverContextCustomizerFactory$Customizer@61fe294f, org.springframework.boot.test.context.filter.ExcludeFilterContextCustomizer@74b0337f, org.springframework.boot.test.json.DuplicateJsonObjectContextCustomizerFactory$DuplicateJsonObjectContextCustomizer@2e230d4c, org.springframework.boot.test.mock.mockito.MockitoContextCustomizer@0, org.springframework.boot.test.web.client.TestRestTemplateContextCustomizer@244c244e, org.springframework.boot.test.context.SpringBootTestArgs@1, org.springframework.boot.test.context.SpringBootTestWebEnvironment@6a85b204], resourceBasePath = 'src/main/webapp', contextLoader = 'org.springframework.boot.test.context.SpringBootContextLoader', parent = [null]], attributes = map['org.springframework.test.context.web.ServletTestExecutionListener.activateListener' -> true, 'org.springframework.test.context.web.ServletTestExecutionListener.populatedRequestContextHolder' -> true, 'org.springframework.test.context.web.ServletTestExecutionListener.resetRequestContextHolder' -> true, 'org.springframework.test.context.event.ApplicationEventsTestExecutionListener.recordApplicationEvents' -> false]]
]]></system-out>
  <system-err><![CDATA[]]></system-err>
</testsuite>
